TN:
SF:assets\js\ajax-helpers.js
FN:13,getAjaxUrl
FN:34,ajaxRequest
FNF:2
FNH:0
FNDA:0,getAjaxUrl
FNDA:0,ajaxRequest
DA:15,0
DA:16,0
DA:19,0
DA:20,0
DA:24,0
DA:35,0
DA:37,0
DA:38,0
DA:48,0
DA:49,0
DA:52,0
DA:54,0
DA:55,0
LF:13
LH:0
BRDA:16,0,0,0
BRDA:16,0,1,0
BRDA:19,1,0,0
BRDA:19,1,1,0
BRDA:34,2,0,0
BRDA:40,3,0,0
BRDA:40,3,1,0
BRDA:48,4,0,0
BRDA:48,4,1,0
BRF:9
BRH:0
end_of_record
TN:
SF:assets\js\login.js
FN:4,(anonymous_0)
FN:18,(anonymous_1)
FN:34,(anonymous_2)
FNF:3
FNH:0
FNDA:0,(anonymous_0)
FNDA:0,(anonymous_1)
FNDA:0,(anonymous_2)
DA:4,0
DA:5,0
DA:6,0
DA:7,0
DA:8,0
DA:9,0
DA:12,0
DA:13,0
DA:17,0
DA:18,0
DA:20,0
DA:21,0
DA:25,0
DA:26,0
DA:27,0
DA:32,0
DA:33,0
DA:34,0
DA:35,0
DA:36,0
DA:37,0
DA:39,0
DA:40,0
DA:46,0
DA:47,0
LF:25
LH:0
BRDA:12,0,0,0
BRDA:12,0,1,0
BRDA:12,1,0,0
BRDA:12,1,1,0
BRDA:17,2,0,0
BRDA:17,2,1,0
BRDA:20,3,0,0
BRDA:20,3,1,0
BRDA:20,4,0,0
BRDA:20,4,1,0
BRDA:33,5,0,0
BRDA:33,5,1,0
BRDA:35,6,0,0
BRDA:35,6,1,0
BRDA:46,7,0,0
BRDA:46,7,1,0
BRF:16
BRH:0
end_of_record
TN:
SF:assets\js\main.js
FN:6,(anonymous_0)
FN:23,handlePreloader
FN:26,(anonymous_2)
FN:28,(anonymous_3)
FN:35,(anonymous_4)
FN:46,initTooltips
FN:55,(anonymous_6)
FN:71,initInteractiveElements
FN:73,(anonymous_8)
FN:74,(anonymous_9)
FN:91,(anonymous_10)
FN:108,(anonymous_11)
FN:131,(anonymous_12)
FN:132,(anonymous_13)
FN:136,(anonymous_14)
FN:151,showToast
FN:195,(anonymous_16)
FN:197,(anonymous_17)
FN:210,showToastWithAction
FN:269,(anonymous_19)
FN:277,(anonymous_20)
FN:279,(anonymous_21)
FN:297,createModal
FN:339,(anonymous_23)
FN:349,(anonymous_24)
FN:368,(anonymous_25)
FN:373,(anonymous_26)
FN:380,(anonymous_27)
FN:387,showModal
FN:392,hideModal
FN:397,(anonymous_30)
FNF:31
FNH:0
FNDA:0,(anonymous_0)
FNDA:0,handlePreloader
FNDA:0,(anonymous_2)
FNDA:0,(anonymous_3)
FNDA:0,(anonymous_4)
FNDA:0,initTooltips
FNDA:0,(anonymous_6)
FNDA:0,initInteractiveElements
FNDA:0,(anonymous_8)
FNDA:0,(anonymous_9)
FNDA:0,(anonymous_10)
FNDA:0,(anonymous_11)
FNDA:0,(anonymous_12)
FNDA:0,(anonymous_13)
FNDA:0,(anonymous_14)
FNDA:0,showToast
FNDA:0,(anonymous_16)
FNDA:0,(anonymous_17)
FNDA:0,showToastWithAction
FNDA:0,(anonymous_19)
FNDA:0,(anonymous_20)
FNDA:0,(anonymous_21)
FNDA:0,createModal
FNDA:0,(anonymous_23)
FNDA:0,(anonymous_24)
FNDA:0,(anonymous_25)
FNDA:0,(anonymous_26)
FNDA:0,(anonymous_27)
FNDA:0,showModal
FNDA:0,hideModal
FNDA:0,(anonymous_30)
DA:6,0
DA:8,0
DA:11,0
DA:14,0
DA:17,0
DA:24,0
DA:25,0
DA:26,0
DA:27,0
DA:28,0
DA:29,0
DA:30,0
DA:35,0
DA:36,0
DA:37,0
DA:38,0
DA:53,0
DA:54,0
DA:55,0
DA:73,0
DA:74,0
DA:75,0
DA:77,0
DA:79,0
DA:80,0
DA:81,0
DA:83,0
DA:84,0
DA:91,0
DA:92,0
DA:94,0
DA:96,0
DA:98,0
DA:99,0
DA:100,0
DA:101,0
DA:105,0
DA:108,0
DA:109,0
DA:110,0
DA:112,0
DA:113,0
DA:115,0
DA:122,0
DA:123,0
DA:131,0
DA:132,0
DA:133,0
DA:134,0
DA:135,0
DA:136,0
DA:137,0
DA:153,0
DA:154,0
DA:155,0
DA:156,0
DA:157,0
DA:158,0
DA:162,0
DA:165,0
DA:166,0
DA:167,0
DA:168,0
DA:169,0
DA:170,0
DA:173,0
DA:183,0
DA:186,0
DA:187,0
DA:191,0
DA:194,0
DA:195,0
DA:196,0
DA:197,0
DA:198,0
DA:199,0
DA:212,0
DA:213,0
DA:214,0
DA:215,0
DA:216,0
DA:217,0
DA:221,0
DA:224,0
DA:225,0
DA:226,0
DA:227,0
DA:228,0
DA:229,0
DA:232,0
DA:233,0
DA:234,0
DA:244,0
DA:258,0
DA:261,0
DA:262,0
DA:266,0
DA:269,0
DA:270,0
DA:271,0
DA:276,0
DA:277,0
DA:278,0
DA:279,0
DA:280,0
DA:281,0
DA:299,0
DA:308,0
DA:311,0
DA:312,0
DA:313,0
DA:314,0
DA:315,0
DA:318,0
DA:319,0
DA:322,0
DA:323,0
DA:324,0
DA:330,0
DA:331,0
DA:332,0
DA:335,0
DA:336,0
DA:339,0
DA:340,0
DA:341,0
DA:342,0
DA:343,0
DA:345,0
DA:346,0
DA:349,0
DA:350,0
DA:354,0
DA:358,0
DA:359,0
DA:360,0
DA:361,0
DA:364,0
DA:367,0
DA:368,0
DA:369,0
DA:373,0
DA:374,0
DA:375,0
DA:380,0
DA:381,0
DA:382,0
DA:388,0
DA:389,0
DA:393,0
DA:394,0
DA:397,0
DA:398,0
DA:399,0
DA:405,0
LF:155
LH:0
BRDA:25,0,0,0
BRDA:25,0,1,0
BRDA:53,1,0,0
BRDA:53,1,1,0
BRDA:53,2,0,0
BRDA:53,2,1,0
BRDA:77,3,0,0
BRDA:77,3,1,0
BRDA:79,4,0,0
BRDA:79,4,1,0
BRDA:94,5,0,0
BRDA:94,5,1,0
BRDA:98,6,0,0
BRDA:98,6,1,0
BRDA:112,7,0,0
BRDA:112,7,1,0
BRDA:122,8,0,0
BRDA:122,8,1,0
BRDA:122,9,0,0
BRDA:122,9,1,0
BRDA:134,10,0,0
BRDA:134,10,1,0
BRDA:151,11,0,0
BRDA:151,12,0,0
BRDA:154,13,0,0
BRDA:154,13,1,0
BRDA:186,14,0,0
BRDA:186,14,1,0
BRDA:186,15,0,0
BRDA:186,15,1,0
BRDA:198,16,0,0
BRDA:198,16,1,0
BRDA:210,17,0,0
BRDA:210,18,0,0
BRDA:210,19,0,0
BRDA:213,20,0,0
BRDA:213,20,1,0
BRDA:233,21,0,0
BRDA:233,21,1,0
BRDA:233,22,0,0
BRDA:233,22,1,0
BRDA:233,22,2,0
BRDA:261,23,0,0
BRDA:261,23,1,0
BRDA:261,24,0,0
BRDA:261,24,1,0
BRDA:270,25,0,0
BRDA:270,25,1,0
BRDA:280,26,0,0
BRDA:280,26,1,0
BRDA:323,27,0,0
BRDA:323,27,1,0
BRDA:342,28,0,0
BRDA:342,28,1,0
BRDA:345,29,0,0
BRDA:345,29,1,0
BRDA:374,30,0,0
BRDA:374,30,1,0
BRDA:381,31,0,0
BRDA:381,31,1,0
BRDA:381,32,0,0
BRDA:381,32,1,0
BRDA:398,33,0,0
BRDA:398,33,1,0
BRF:64
BRH:0
end_of_record
TN:
SF:assets\js\metric-editor.js
FN:8,loadOutcomeEditor
FN:11,(anonymous_1)
FN:14,(anonymous_2)
FN:21,initFallbackMetricEditor
FN:22,(anonymous_4)
FN:28,(anonymous_5)
FN:30,(anonymous_6)
FN:43,initializeMetricEditor
FN:63,setupMetricValueListeners
FN:64,(anonymous_9)
FN:65,(anonymous_10)
FN:70,(anonymous_11)
FN:82,setupMetricNameListeners
FN:83,(anonymous_13)
FN:84,(anonymous_14)
FN:94,setupButtonHandlers
FN:96,(anonymous_16)
FN:101,(anonymous_17)
FN:106,(anonymous_18)
FN:120,makeMetricCellsClickable
FN:121,(anonymous_20)
FN:122,(anonymous_21)
FN:143,setupDeleteColumnButtons
FN:144,(anonymous_23)
FN:152,handleDeleteColumn
FN:193,findColumnIndex
FN:209,removeColumnFromTable
FN:221,(anonymous_27)
FN:234,(anonymous_28)
FN:244,handleMetricValueSave
FN:287,handleMetricNameSave
FN:322,(anonymous_31)
FN:334,handleSaveTableName
FN:372,handleUnitEdit
FN:432,handleSetAllUnits
FN:442,(anonymous_35)
FN:513,showToast
FN:525,placeCursorAtEnd
FNF:38
FNH:0
FNDA:0,loadOutcomeEditor
FNDA:0,(anonymous_1)
FNDA:0,(anonymous_2)
FNDA:0,initFallbackMetricEditor
FNDA:0,(anonymous_4)
FNDA:0,(anonymous_5)
FNDA:0,(anonymous_6)
FNDA:0,initializeMetricEditor
FNDA:0,setupMetricValueListeners
FNDA:0,(anonymous_9)
FNDA:0,(anonymous_10)
FNDA:0,(anonymous_11)
FNDA:0,setupMetricNameListeners
FNDA:0,(anonymous_13)
FNDA:0,(anonymous_14)
FNDA:0,setupButtonHandlers
FNDA:0,(anonymous_16)
FNDA:0,(anonymous_17)
FNDA:0,(anonymous_18)
FNDA:0,makeMetricCellsClickable
FNDA:0,(anonymous_20)
FNDA:0,(anonymous_21)
FNDA:0,setupDeleteColumnButtons
FNDA:0,(anonymous_23)
FNDA:0,handleDeleteColumn
FNDA:0,findColumnIndex
FNDA:0,removeColumnFromTable
FNDA:0,(anonymous_27)
FNDA:0,(anonymous_28)
FNDA:0,handleMetricValueSave
FNDA:0,handleMetricNameSave
FNDA:0,(anonymous_31)
FNDA:0,handleSaveTableName
FNDA:0,handleUnitEdit
FNDA:0,handleSetAllUnits
FNDA:0,(anonymous_35)
FNDA:0,showToast
FNDA:0,placeCursorAtEnd
DA:8,0
DA:9,0
DA:10,0
DA:11,0
DA:12,0
DA:14,0
DA:15,0
DA:16,0
DA:18,0
DA:22,0
DA:24,0
DA:27,0
DA:28,0
DA:29,0
DA:30,0
DA:31,0
DA:32,0
DA:33,0
DA:45,0
DA:48,0
DA:51,0
DA:54,0
DA:57,0
DA:64,0
DA:65,0
DA:66,0
DA:67,0
DA:70,0
DA:72,0
DA:73,0
DA:83,0
DA:84,0
DA:85,0
DA:86,0
DA:96,0
DA:97,0
DA:101,0
DA:102,0
DA:106,0
DA:107,0
DA:111,0
DA:112,0
DA:113,0
DA:121,0
DA:122,0
DA:124,0
DA:127,0
DA:130,0
DA:131,0
DA:132,0
DA:134,0
DA:144,0
DA:145,0
DA:153,0
DA:155,0
DA:158,0
DA:159,0
DA:162,0
DA:164,0
DA:177,0
DA:180,0
DA:181,0
DA:182,0
DA:183,0
DA:186,0
DA:194,0
DA:196,0
DA:197,0
DA:198,0
DA:199,0
DA:203,0
DA:211,0
DA:214,0
DA:215,0
DA:216,0
DA:220,0
DA:221,0
DA:222,0
DA:223,0
DA:227,0
DA:228,0
DA:229,0
DA:230,0
DA:231,0
DA:234,0
DA:235,0
DA:236,0
DA:245,0
DA:246,0
DA:247,0
DA:248,0
DA:250,0
DA:251,0
DA:265,0
DA:266,0
DA:267,0
DA:270,0
DA:272,0
DA:274,0
DA:275,0
DA:276,0
DA:277,0
DA:288,0
DA:289,0
DA:290,0
DA:291,0
DA:292,0
DA:293,0
DA:294,0
DA:297,0
DA:298,0
DA:299,0
DA:302,0
DA:303,0
DA:316,0
DA:317,0
DA:318,0
DA:321,0
DA:322,0
DA:324,0
DA:326,0
DA:327,0
DA:335,0
DA:336,0
DA:338,0
DA:339,0
DA:340,0
DA:344,0
DA:345,0
DA:347,0
DA:348,0
DA:353,0
DA:356,0
DA:357,0
DA:361,0
DA:362,0
DA:365,0
DA:373,0
DA:374,0
DA:376,0
DA:379,0
DA:382,0
DA:384,0
DA:386,0
DA:399,0
DA:402,0
DA:405,0
DA:406,0
DA:408,0
DA:409,0
DA:410,0
DA:413,0
DA:414,0
DA:415,0
DA:416,0
DA:418,0
DA:420,0
DA:423,0
DA:425,0
DA:434,0
DA:437,0
DA:439,0
DA:441,0
DA:442,0
DA:443,0
DA:444,0
DA:445,0
DA:448,0
DA:449,0
DA:450,0
DA:454,0
DA:456,0
DA:458,0
DA:471,0
DA:472,0
DA:475,0
DA:476,0
DA:479,0
DA:480,0
DA:482,0
DA:483,0
DA:484,0
DA:487,0
DA:488,0
DA:489,0
DA:490,0
DA:492,0
DA:494,0
DA:499,0
DA:500,0
DA:502,0
DA:505,0
DA:514,0
DA:515,0
DA:518,0
DA:526,0
DA:527,0
DA:528,0
DA:529,0
DA:530,0
DA:531,0
LF:201
LH:0
BRDA:67,0,0,0
BRDA:67,0,1,0
BRDA:72,1,0,0
BRDA:72,1,1,0
BRDA:86,2,0,0
BRDA:86,2,1,0
BRDA:112,3,0,0
BRDA:112,3,1,0
BRDA:124,4,0,0
BRDA:124,4,1,0
BRDA:124,5,0,0
BRDA:124,5,1,0
BRDA:124,5,2,0
BRDA:131,6,0,0
BRDA:131,6,1,0
BRDA:155,7,0,0
BRDA:155,7,1,0
BRDA:158,8,0,0
BRDA:158,8,1,0
BRDA:177,9,0,0
BRDA:177,9,1,0
BRDA:181,10,0,0
BRDA:181,10,1,0
BRDA:198,11,0,0
BRDA:198,11,1,0
BRDA:215,12,0,0
BRDA:215,12,1,0
BRDA:215,13,0,0
BRDA:215,13,1,0
BRDA:222,14,0,0
BRDA:222,14,1,0
BRDA:228,15,0,0
BRDA:228,15,1,0
BRDA:248,16,0,0
BRDA:248,16,1,0
BRDA:265,17,0,0
BRDA:265,17,1,0
BRDA:291,18,0,0
BRDA:291,18,1,0
BRDA:293,19,0,0
BRDA:293,19,1,0
BRDA:297,20,0,0
BRDA:297,20,1,0
BRDA:316,21,0,0
BRDA:316,21,1,0
BRDA:338,22,0,0
BRDA:338,22,1,0
BRDA:353,23,0,0
BRDA:353,23,1,0
BRDA:356,24,0,0
BRDA:356,24,1,0
BRDA:356,25,0,0
BRDA:356,25,1,0
BRDA:361,26,0,0
BRDA:361,26,1,0
BRDA:374,27,0,0
BRDA:374,27,1,0
BRDA:376,28,0,0
BRDA:376,28,1,0
BRDA:382,29,0,0
BRDA:382,29,1,0
BRDA:382,30,0,0
BRDA:382,30,1,0
BRDA:399,31,0,0
BRDA:399,31,1,0
BRDA:408,32,0,0
BRDA:408,32,1,0
BRDA:409,33,0,0
BRDA:409,33,1,0
BRDA:418,34,0,0
BRDA:418,34,1,0
BRDA:437,35,0,0
BRDA:437,35,1,0
BRDA:444,36,0,0
BRDA:444,36,1,0
BRDA:444,37,0,0
BRDA:444,37,1,0
BRDA:448,38,0,0
BRDA:448,38,1,0
BRDA:471,39,0,0
BRDA:471,39,1,0
BRDA:476,40,0,0
BRDA:476,40,1,0
BRDA:482,41,0,0
BRDA:482,41,1,0
BRDA:483,42,0,0
BRDA:483,42,1,0
BRDA:492,43,0,0
BRDA:492,43,1,0
BRDA:499,44,0,0
BRDA:499,44,1,0
BRDA:513,45,0,0
BRDA:514,46,0,0
BRDA:514,46,1,0
BRF:94
BRH:0
end_of_record
TN:
SF:assets\js\outcome-editor.js
FN:6,(anonymous_0)
FN:16,(anonymous_1)
FN:29,initializeOutcomeEditor
FN:57,renderOutcomeTable
FN:79,(anonymous_4)
FN:87,(anonymous_5)
FN:104,(anonymous_6)
FN:132,(anonymous_7)
FN:163,setupOutcomeValueListeners
FN:164,(anonymous_9)
FN:165,(anonymous_10)
FN:174,setupOutcomeNameListeners
FN:175,(anonymous_12)
FN:176,(anonymous_13)
FN:185,initDataSaving
FN:189,(anonymous_15)
FN:200,setupColumnButtons
FN:202,(anonymous_17)
FN:212,openValueEditor
FN:220,openNameEditor
FN:227,saveOutcomeData
FN:268,(anonymous_21)
FN:269,(anonymous_22)
FN:277,(anonymous_23)
FN:285,createNewOutcome
FN:300,collectTableData
FN:369,(anonymous_26)
FN:371,(anonymous_27)
FN:383,addNewColumn
FN:427,(anonymous_29)
FN:473,updateHiddenFields
FN:483,(anonymous_31)
FN:497,handleDeleteColumn
FN:530,(anonymous_33)
FN:538,(anonymous_34)
FN:562,(anonymous_35)
FN:590,showSuccessMessage
FN:599,(anonymous_37)
FN:614,showErrorMessage
FNF:39
FNH:0
FNDA:0,(anonymous_0)
FNDA:0,(anonymous_1)
FNDA:0,initializeOutcomeEditor
FNDA:0,renderOutcomeTable
FNDA:0,(anonymous_4)
FNDA:0,(anonymous_5)
FNDA:0,(anonymous_6)
FNDA:0,(anonymous_7)
FNDA:0,setupOutcomeValueListeners
FNDA:0,(anonymous_9)
FNDA:0,(anonymous_10)
FNDA:0,setupOutcomeNameListeners
FNDA:0,(anonymous_12)
FNDA:0,(anonymous_13)
FNDA:0,initDataSaving
FNDA:0,(anonymous_15)
FNDA:0,setupColumnButtons
FNDA:0,(anonymous_17)
FNDA:0,openValueEditor
FNDA:0,openNameEditor
FNDA:0,saveOutcomeData
FNDA:0,(anonymous_21)
FNDA:0,(anonymous_22)
FNDA:0,(anonymous_23)
FNDA:0,createNewOutcome
FNDA:0,collectTableData
FNDA:0,(anonymous_26)
FNDA:0,(anonymous_27)
FNDA:0,addNewColumn
FNDA:0,(anonymous_29)
FNDA:0,updateHiddenFields
FNDA:0,(anonymous_31)
FNDA:0,handleDeleteColumn
FNDA:0,(anonymous_33)
FNDA:0,(anonymous_34)
FNDA:0,(anonymous_35)
FNDA:0,showSuccessMessage
FNDA:0,(anonymous_37)
FNDA:0,showErrorMessage
DA:6,0
DA:9,0
DA:10,0
DA:14,0
DA:15,0
DA:16,0
DA:17,0
DA:18,0
DA:19,0
DA:20,0
DA:31,0
DA:33,0
DA:34,0
DA:36,0
DA:38,0
DA:39,0
DA:40,0
DA:42,0
DA:44,0
DA:46,0
DA:50,0
DA:59,0
DA:60,0
DA:61,0
DA:64,0
DA:66,0
DA:67,0
DA:68,0
DA:69,0
DA:73,0
DA:74,0
DA:78,0
DA:79,0
DA:80,0
DA:81,0
DA:86,0
DA:87,0
DA:89,0
DA:90,0
DA:101,0
DA:104,0
DA:105,0
DA:106,0
DA:107,0
DA:114,0
DA:115,0
DA:116,0
DA:117,0
DA:121,0
DA:122,0
DA:123,0
DA:124,0
DA:125,0
DA:127,0
DA:128,0
DA:131,0
DA:132,0
DA:133,0
DA:134,0
DA:145,0
DA:149,0
DA:154,0
DA:155,0
DA:164,0
DA:165,0
DA:166,0
DA:175,0
DA:176,0
DA:177,0
DA:187,0
DA:188,0
DA:189,0
DA:190,0
DA:201,0
DA:202,0
DA:203,0
DA:231,0
DA:232,0
DA:233,0
DA:234,0
DA:236,0
DA:237,0
DA:238,0
DA:239,0
DA:242,0
DA:245,0
DA:248,0
DA:258,0
DA:261,0
DA:268,0
DA:270,0
DA:271,0
DA:274,0
DA:278,0
DA:301,0
DA:302,0
DA:303,0
DA:304,0
DA:305,0
DA:308,0
DA:310,0
DA:312,0
DA:313,0
DA:314,0
DA:315,0
DA:319,0
DA:320,0
DA:321,0
DA:322,0
DA:324,0
DA:325,0
DA:326,0
DA:329,0
DA:330,0
DA:331,0
DA:333,0
DA:334,0
DA:336,0
DA:341,0
DA:342,0
DA:343,0
DA:346,0
DA:347,0
DA:348,0
DA:349,0
DA:350,0
DA:352,0
DA:354,0
DA:355,0
DA:356,0
DA:358,0
DA:359,0
DA:361,0
DA:366,0
DA:369,0
DA:370,0
DA:371,0
DA:372,0
DA:376,0
DA:377,0
DA:384,0
DA:385,0
DA:387,0
DA:389,0
DA:390,0
DA:391,0
DA:392,0
DA:393,0
DA:397,0
DA:399,0
DA:401,0
DA:402,0
DA:403,0
DA:404,0
DA:405,0
DA:408,0
DA:411,0
DA:412,0
DA:423,0
DA:426,0
DA:427,0
DA:428,0
DA:429,0
DA:430,0
DA:434,0
DA:435,0
DA:436,0
DA:437,0
DA:440,0
DA:441,0
DA:443,0
DA:444,0
DA:455,0
DA:459,0
DA:462,0
DA:463,0
DA:466,0
DA:475,0
DA:476,0
DA:477,0
DA:478,0
DA:482,0
DA:483,0
DA:486,0
DA:487,0
DA:488,0
DA:489,0
DA:490,0
DA:498,0
DA:500,0
DA:501,0
DA:502,0
DA:503,0
DA:507,0
DA:508,0
DA:509,0
DA:510,0
DA:512,0
DA:513,0
DA:515,0
DA:517,0
DA:518,0
DA:521,0
DA:522,0
DA:526,0
DA:529,0
DA:530,0
DA:531,0
DA:532,0
DA:537,0
DA:538,0
DA:539,0
DA:543,0
DA:546,0
DA:547,0
DA:550,0
DA:551,0
DA:552,0
DA:553,0
DA:556,0
DA:557,0
DA:558,0
DA:561,0
DA:562,0
DA:563,0
DA:566,0
DA:568,0
DA:572,0
DA:573,0
DA:574,0
DA:575,0
DA:576,0
DA:577,0
DA:582,0
DA:594,0
DA:595,0
DA:596,0
DA:597,0
DA:598,0
DA:599,0
DA:602,0
DA:603,0
DA:604,0
DA:618,0
DA:619,0
DA:620,0
DA:621,0
DA:622,0
LF:248
LH:0
BRDA:9,0,0,0
BRDA:9,0,1,0
BRDA:15,1,0,0
BRDA:15,1,1,0
BRDA:17,2,0,0
BRDA:17,2,1,0
BRDA:17,3,0,0
BRDA:17,3,1,0
BRDA:31,4,0,0
BRDA:31,4,1,0
BRDA:31,4,2,0
BRDA:33,5,0,0
BRDA:33,5,1,0
BRDA:38,6,0,0
BRDA:38,6,1,0
BRDA:38,7,0,0
BRDA:38,7,1,0
BRDA:61,8,0,0
BRDA:61,8,1,0
BRDA:64,9,0,0
BRDA:64,9,1,0
BRDA:67,10,0,0
BRDA:67,10,1,0
BRDA:86,11,0,0
BRDA:86,11,1,0
BRDA:86,12,0,0
BRDA:86,12,1,0
BRDA:94,13,0,0
BRDA:94,13,1,0
BRDA:94,13,2,0
BRDA:115,14,0,0
BRDA:115,14,1,0
BRDA:121,15,0,0
BRDA:121,15,1,0
BRDA:131,16,0,0
BRDA:131,16,1,0
BRDA:131,17,0,0
BRDA:131,17,1,0
BRDA:138,18,0,0
BRDA:138,18,1,0
BRDA:138,18,2,0
BRDA:154,19,0,0
BRDA:154,19,1,0
BRDA:154,20,0,0
BRDA:154,20,1,0
BRDA:154,20,2,0
BRDA:188,21,0,0
BRDA:188,21,1,0
BRDA:201,22,0,0
BRDA:201,22,1,0
BRDA:231,23,0,0
BRDA:231,23,1,0
BRDA:231,24,0,0
BRDA:231,24,1,0
BRDA:236,25,0,0
BRDA:236,25,1,0
BRDA:251,26,0,0
BRDA:251,26,1,0
BRDA:270,27,0,0
BRDA:270,27,1,0
BRDA:303,28,0,0
BRDA:303,28,1,0
BRDA:310,29,0,0
BRDA:310,29,1,0
BRDA:313,30,0,0
BRDA:313,30,1,0
BRDA:324,31,0,0
BRDA:324,31,1,0
BRDA:329,32,0,0
BRDA:329,32,1,0
BRDA:330,33,0,0
BRDA:330,33,1,0
BRDA:330,34,0,0
BRDA:330,34,1,0
BRDA:333,35,0,0
BRDA:333,35,1,0
BRDA:341,36,0,0
BRDA:341,36,1,0
BRDA:341,37,0,0
BRDA:341,37,1,0
BRDA:352,38,0,0
BRDA:352,38,1,0
BRDA:354,39,0,0
BRDA:354,39,1,0
BRDA:355,40,0,0
BRDA:355,40,1,0
BRDA:355,41,0,0
BRDA:355,41,1,0
BRDA:358,42,0,0
BRDA:358,42,1,0
BRDA:385,43,0,0
BRDA:385,43,1,0
BRDA:390,44,0,0
BRDA:390,44,1,0
BRDA:399,45,0,0
BRDA:399,45,1,0
BRDA:402,46,0,0
BRDA:402,46,1,0
BRDA:416,47,0,0
BRDA:416,47,1,0
BRDA:434,48,0,0
BRDA:434,48,1,0
BRDA:434,49,0,0
BRDA:434,49,1,0
BRDA:448,50,0,0
BRDA:448,50,1,0
BRDA:462,51,0,0
BRDA:462,51,1,0
BRDA:476,52,0,0
BRDA:476,52,1,0
BRDA:500,53,0,0
BRDA:500,53,1,0
BRDA:508,54,0,0
BRDA:508,54,1,0
BRDA:513,55,0,0
BRDA:513,55,1,0
BRDA:515,56,0,0
BRDA:515,56,1,0
BRDA:521,57,0,0
BRDA:521,57,1,0
BRDA:531,58,0,0
BRDA:531,58,1,0
BRDA:546,59,0,0
BRDA:546,59,1,0
BRDA:551,60,0,0
BRDA:551,60,1,0
BRDA:551,61,0,0
BRDA:551,61,1,0
BRDA:551,61,2,0
BRDA:557,62,0,0
BRDA:557,62,1,0
BRDA:557,63,0,0
BRDA:557,63,1,0
BRDA:573,64,0,0
BRDA:573,64,1,0
BRDA:574,65,0,0
BRDA:574,65,1,0
BRDA:575,66,0,0
BRDA:575,66,1,0
BRDA:595,67,0,0
BRDA:595,67,1,0
BRDA:603,68,0,0
BRDA:603,68,1,0
BRDA:619,69,0,0
BRDA:619,69,1,0
BRF:145
BRH:0
end_of_record
TN:
SF:assets\js\program_outcome_links.js
FN:8,(anonymous_0)
FN:18,(anonymous_1)
FN:29,(anonymous_2)
FN:47,(anonymous_3)
FN:50,(anonymous_4)
FN:52,(anonymous_5)
FN:54,(anonymous_6)
FN:58,(anonymous_7)
FN:62,(anonymous_8)
FN:68,(anonymous_9)
FN:75,(anonymous_10)
FN:79,(anonymous_11)
FN:89,(anonymous_12)
FN:90,(anonymous_13)
FN:120,(anonymous_14)
FN:130,(anonymous_15)
FN:133,(anonymous_16)
FN:140,(anonymous_17)
FN:141,(anonymous_18)
FN:172,(anonymous_19)
FN:182,(anonymous_20)
FN:186,(anonymous_21)
FN:187,(anonymous_22)
FN:188,(anonymous_23)
FN:228,(anonymous_24)
FN:233,(anonymous_25)
FN:244,(anonymous_26)
FN:252,(anonymous_27)
FN:254,(anonymous_28)
FN:265,(anonymous_29)
FN:267,(anonymous_30)
FN:278,(anonymous_31)
FN:291,(anonymous_32)
FN:301,(anonymous_33)
FN:342,(anonymous_34)
FN:375,(anonymous_35)
FN:376,(anonymous_36)
FN:377,(anonymous_37)
FN:388,(anonymous_38)
FN:389,(anonymous_39)
FN:410,(anonymous_40)
FN:411,(anonymous_41)
FN:412,(anonymous_42)
FN:423,(anonymous_43)
FN:424,(anonymous_44)
FN:445,(anonymous_45)
FN:459,(anonymous_46)
FN:466,(anonymous_47)
FN:472,(anonymous_48)
FN:478,debounce
FN:480,executedFunction
FN:481,(anonymous_51)
FN:491,(anonymous_52)
FNF:53
FNH:0
FNDA:0,(anonymous_0)
FNDA:0,(anonymous_1)
FNDA:0,(anonymous_2)
FNDA:0,(anonymous_3)
FNDA:0,(anonymous_4)
FNDA:0,(anonymous_5)
FNDA:0,(anonymous_6)
FNDA:0,(anonymous_7)
FNDA:0,(anonymous_8)
FNDA:0,(anonymous_9)
FNDA:0,(anonymous_10)
FNDA:0,(anonymous_11)
FNDA:0,(anonymous_12)
FNDA:0,(anonymous_13)
FNDA:0,(anonymous_14)
FNDA:0,(anonymous_15)
FNDA:0,(anonymous_16)
FNDA:0,(anonymous_17)
FNDA:0,(anonymous_18)
FNDA:0,(anonymous_19)
FNDA:0,(anonymous_20)
FNDA:0,(anonymous_21)
FNDA:0,(anonymous_22)
FNDA:0,(anonymous_23)
FNDA:0,(anonymous_24)
FNDA:0,(anonymous_25)
FNDA:0,(anonymous_26)
FNDA:0,(anonymous_27)
FNDA:0,(anonymous_28)
FNDA:0,(anonymous_29)
FNDA:0,(anonymous_30)
FNDA:0,(anonymous_31)
FNDA:0,(anonymous_32)
FNDA:0,(anonymous_33)
FNDA:0,(anonymous_34)
FNDA:0,(anonymous_35)
FNDA:0,(anonymous_36)
FNDA:0,(anonymous_37)
FNDA:0,(anonymous_38)
FNDA:0,(anonymous_39)
FNDA:0,(anonymous_40)
FNDA:0,(anonymous_41)
FNDA:0,(anonymous_42)
FNDA:0,(anonymous_43)
FNDA:0,(anonymous_44)
FNDA:0,(anonymous_45)
FNDA:0,(anonymous_46)
FNDA:0,(anonymous_47)
FNDA:0,(anonymous_48)
FNDA:0,debounce
FNDA:0,executedFunction
FNDA:0,(anonymous_51)
FNDA:0,(anonymous_52)
DA:9,0
DA:10,0
DA:11,0
DA:12,0
DA:13,0
DA:15,0
DA:19,0
DA:20,0
DA:21,0
DA:22,0
DA:24,0
DA:25,0
DA:30,0
DA:36,0
DA:37,0
DA:40,0
DA:41,0
DA:43,0
DA:44,0
DA:49,0
DA:50,0
DA:51,0
DA:52,0
DA:53,0
DA:54,0
DA:57,0
DA:58,0
DA:61,0
DA:63,0
DA:64,0
DA:69,0
DA:70,0
DA:71,0
DA:72,0
DA:76,0
DA:77,0
DA:79,0
DA:80,0
DA:82,0
DA:83,0
DA:86,0
DA:87,0
DA:89,0
DA:90,0
DA:92,0
DA:93,0
DA:94,0
DA:120,0
DA:121,0
DA:122,0
DA:126,0
DA:131,0
DA:133,0
DA:134,0
DA:137,0
DA:138,0
DA:140,0
DA:141,0
DA:143,0
DA:144,0
DA:145,0
DA:172,0
DA:173,0
DA:174,0
DA:178,0
DA:183,0
DA:184,0
DA:186,0
DA:187,0
DA:188,0
DA:190,0
DA:192,0
DA:193,0
DA:224,0
DA:230,0
DA:231,0
DA:233,0
DA:234,0
DA:235,0
DA:236,0
DA:237,0
DA:241,0
DA:242,0
DA:244,0
DA:245,0
DA:246,0
DA:247,0
DA:248,0
DA:254,0
DA:255,0
DA:258,0
DA:259,0
DA:260,0
DA:261,0
DA:267,0
DA:268,0
DA:271,0
DA:272,0
DA:273,0
DA:274,0
DA:280,0
DA:281,0
DA:283,0
DA:284,0
DA:287,0
DA:288,0
DA:292,0
DA:293,0
DA:295,0
DA:296,0
DA:297,0
DA:301,0
DA:302,0
DA:304,0
DA:305,0
DA:306,0
DA:309,0
DA:310,0
DA:321,0
DA:323,0
DA:324,0
DA:327,0
DA:328,0
DA:331,0
DA:332,0
DA:334,0
DA:337,0
DA:338,0
DA:343,0
DA:344,0
DA:347,0
DA:348,0
DA:358,0
DA:360,0
DA:361,0
DA:364,0
DA:365,0
DA:367,0
DA:370,0
DA:371,0
DA:376,0
DA:377,0
DA:379,0
DA:380,0
DA:383,0
DA:384,0
DA:385,0
DA:387,0
DA:388,0
DA:389,0
DA:390,0
DA:403,0
DA:406,0
DA:407,0
DA:411,0
DA:412,0
DA:414,0
DA:415,0
DA:418,0
DA:419,0
DA:420,0
DA:422,0
DA:423,0
DA:424,0
DA:425,0
DA:438,0
DA:441,0
DA:442,0
DA:447,0
DA:448,0
DA:449,0
DA:455,0
DA:456,0
DA:459,0
DA:460,0
DA:461,0
DA:467,0
DA:468,0
DA:469,0
DA:473,0
DA:480,0
DA:481,0
DA:482,0
DA:483,0
DA:485,0
DA:486,0
DA:491,0
DA:492,0
LF:188
LH:0
BRDA:36,0,0,0
BRDA:36,0,1,0
BRDA:36,1,0,0
BRDA:36,1,1,0
BRDA:36,1,2,0
BRDA:44,2,0,0
BRDA:44,2,1,0
BRDA:80,3,0,0
BRDA:80,3,1,0
BRDA:80,3,2,0
BRDA:83,4,0,0
BRDA:83,4,1,0
BRDA:97,5,0,0
BRDA:97,5,1,0
BRDA:100,6,0,0
BRDA:100,6,1,0
BRDA:121,7,0,0
BRDA:121,7,1,0
BRDA:150,8,0,0
BRDA:150,8,1,0
BRDA:151,9,0,0
BRDA:151,9,1,0
BRDA:173,10,0,0
BRDA:173,10,1,0
BRDA:190,11,0,0
BRDA:190,11,1,0
BRDA:190,12,0,0
BRDA:190,12,1,0
BRDA:196,13,0,0
BRDA:196,13,1,0
BRDA:199,14,0,0
BRDA:199,14,1,0
BRDA:205,15,0,0
BRDA:205,15,1,0
BRDA:206,16,0,0
BRDA:206,16,1,0
BRDA:213,17,0,0
BRDA:213,17,1,0
BRDA:236,18,0,0
BRDA:236,18,1,0
BRDA:259,19,0,0
BRDA:259,19,1,0
BRDA:272,20,0,0
BRDA:272,20,1,0
BRDA:278,21,0,0
BRDA:278,22,0,0
BRDA:280,23,0,0
BRDA:280,23,1,0
BRDA:283,24,0,0
BRDA:283,24,1,0
BRDA:295,25,0,0
BRDA:295,25,1,0
BRDA:295,26,0,0
BRDA:295,26,1,0
BRDA:302,27,0,0
BRDA:302,27,1,0
BRDA:304,28,0,0
BRDA:304,28,1,0
BRDA:323,29,0,0
BRDA:323,29,1,0
BRDA:334,30,0,0
BRDA:334,30,1,0
BRDA:343,31,0,0
BRDA:343,31,1,0
BRDA:360,32,0,0
BRDA:360,32,1,0
BRDA:367,33,0,0
BRDA:367,33,1,0
BRDA:384,34,0,0
BRDA:384,34,1,0
BRDA:419,35,0,0
BRDA:419,35,1,0
BRDA:429,36,0,0
BRDA:429,36,1,0
BRDA:460,37,0,0
BRDA:460,37,1,0
BRF:76
BRH:0
end_of_record
TN:
SF:assets\js\report-generator.js
FN:11,(anonymous_0)
FN:61,showProgramsLoading
FN:78,debugGlobalState
FN:85,(anonymous_3)
FN:118,loadPrograms
FN:168,(anonymous_5)
FN:174,(anonymous_6)
FN:183,(anonymous_7)
FN:198,(anonymous_8)
FN:213,loadTargets
FN:227,(anonymous_10)
FN:232,(anonymous_11)
FN:238,(anonymous_12)
FN:247,(anonymous_13)
FN:262,displayTargets
FN:277,(anonymous_15)
FN:289,(anonymous_16)
FN:331,(anonymous_17)
FN:337,handleTargetSelection
FN:360,updateTargetCount
FN:372,showTargetSelection
FN:379,hideTargetSelection
FN:389,showTargetsLoading
FN:403,getSelectedTargets
FN:416,selectAllTargets
FN:418,(anonymous_25)
FN:427,clearAllTargets
FN:429,(anonymous_27)
FN:437,updateProgramOrder
FN:447,sortProgramsByOrder
FN:467,(anonymous_30)
FN:469,(anonymous_31)
FN:480,(anonymous_32)
FN:501,(anonymous_33)
FN:504,(anonymous_34)
FN:532,(anonymous_35)
FN:534,(anonymous_36)
FN:539,toggleOrderInput
FN:599,initializeAgencySelectButtons
FN:601,(anonymous_39)
FN:602,(anonymous_40)
FN:606,(anonymous_41)
FN:617,(anonymous_42)
FN:618,(anonymous_43)
FN:622,(anonymous_44)
FN:633,(anonymous_45)
FN:638,(anonymous_46)
FN:644,showSelectedProgramsModal
FN:646,(anonymous_48)
FN:647,(anonymous_49)
FN:673,(anonymous_50)
FN:709,(anonymous_51)
FN:710,(anonymous_52)
FN:722,removeProgramSelection
FN:739,updateOrderNumbers
FN:749,(anonymous_55)
FN:768,(anonymous_56)
FN:780,(anonymous_57)
FN:800,(anonymous_58)
FN:802,(anonymous_59)
FN:813,updateOrderBadges
FN:815,(anonymous_61)
FN:825,renumberSelectedPrograms
FN:831,(anonymous_63)
FN:846,(anonymous_64)
FN:849,(anonymous_65)
FN:863,updateSelectedProgramCount
FN:864,(anonymous_67)
FN:872,(anonymous_68)
FN:878,(anonymous_69)
FN:898,(anonymous_70)
FN:907,setupEnhancedFilterEventListeners
FN:911,(anonymous_72)
FN:913,(anonymous_73)
FN:922,(anonymous_74)
FN:933,(anonymous_75)
FN:941,(anonymous_76)
FN:949,(anonymous_77)
FN:957,(anonymous_78)
FN:964,(anonymous_79)
FN:990,(anonymous_80)
FN:998,(anonymous_81)
FN:1018,(anonymous_82)
FN:1021,(anonymous_83)
FN:1034,updateVisibleProgramCount
FN:1048,searchPrograms
FN:1054,(anonymous_86)
FN:1065,applyAllFilters
FN:1071,(anonymous_88)
FN:1091,renderProgramsList
FN:1098,(anonymous_90)
FN:1131,(anonymous_91)
FN:1139,(anonymous_92)
FN:1153,(anonymous_93)
FN:1161,(anonymous_94)
FN:1173,(anonymous_95)
FN:1216,selectAllVisiblePrograms
FN:1220,(anonymous_97)
FN:1266,clearAllProgramSelections
FN:1275,(anonymous_99)
FN:1308,resetAllFilters
FN:1318,(anonymous_101)
FN:1332,showNotification
FN:1349,(anonymous_103)
FN:1357,attachProgramEventListeners
FN:1362,(anonymous_105)
FN:1363,(anonymous_106)
FN:1417,(anonymous_107)
FN:1418,(anonymous_108)
FN:1439,populateAgencyFilterButtons
FN:1444,(anonymous_110)
FN:1455,(anonymous_111)
FN:1456,(anonymous_112)
FN:1465,(anonymous_113)
FN:1481,attachAgencyFilterEventListeners
FN:1483,(anonymous_115)
FN:1484,(anonymous_116)
FN:1490,(anonymous_117)
FN:1520,getSelectedAgencyIds
FN:1528,(anonymous_119)
FN:1536,(anonymous_120)
FN:1543,(anonymous_121)
FN:1564,(anonymous_122)
FN:1565,(anonymous_123)
FN:1576,(anonymous_124)
FN:1583,(anonymous_125)
FN:1587,(anonymous_126)
FN:1596,getSelectedPrograms
FN:1611,(anonymous_128)
FN:1620,setupGenerateReportToggle
FN:1626,showGenerateForm
FN:1633,hideGenerateForm
FN:1658,initReportSearch
FN:1668,performSearch
FN:1678,(anonymous_134)
FN:1687,(anonymous_135)
FN:1710,showSearchInfo
FN:1736,removeSearchInfo
FN:1743,clearSearch
FN:1750,(anonymous_139)
FN:1755,(anonymous_140)
FN:1764,(anonymous_141)
FN:1777,initNewReportBadges
FN:1788,addNewReportToTracker
FN:1802,getNewReportsFromStorage
FN:1812,cleanupExpiredNewReports
FN:1821,(anonymous_146)
FN:1832,(anonymous_147)
FN:1847,applyNewReportBadges
FN:1851,(anonymous_149)
FN:1869,refreshRecentReports
FN:1887,(anonymous_151)
FN:1888,(anonymous_152)
FN:1898,initModernDashboard
FN:1905,(anonymous_154)
FN:1906,(anonymous_155)
FN:1917,(anonymous_156)
FN:1918,(anonymous_157)
FN:1932,(anonymous_158)
FNF:159
FNH:0
FNDA:0,(anonymous_0)
FNDA:0,showProgramsLoading
FNDA:0,debugGlobalState
FNDA:0,(anonymous_3)
FNDA:0,loadPrograms
FNDA:0,(anonymous_5)
FNDA:0,(anonymous_6)
FNDA:0,(anonymous_7)
FNDA:0,(anonymous_8)
FNDA:0,loadTargets
FNDA:0,(anonymous_10)
FNDA:0,(anonymous_11)
FNDA:0,(anonymous_12)
FNDA:0,(anonymous_13)
FNDA:0,displayTargets
FNDA:0,(anonymous_15)
FNDA:0,(anonymous_16)
FNDA:0,(anonymous_17)
FNDA:0,handleTargetSelection
FNDA:0,updateTargetCount
FNDA:0,showTargetSelection
FNDA:0,hideTargetSelection
FNDA:0,showTargetsLoading
FNDA:0,getSelectedTargets
FNDA:0,selectAllTargets
FNDA:0,(anonymous_25)
FNDA:0,clearAllTargets
FNDA:0,(anonymous_27)
FNDA:0,updateProgramOrder
FNDA:0,sortProgramsByOrder
FNDA:0,(anonymous_30)
FNDA:0,(anonymous_31)
FNDA:0,(anonymous_32)
FNDA:0,(anonymous_33)
FNDA:0,(anonymous_34)
FNDA:0,(anonymous_35)
FNDA:0,(anonymous_36)
FNDA:0,toggleOrderInput
FNDA:0,initializeAgencySelectButtons
FNDA:0,(anonymous_39)
FNDA:0,(anonymous_40)
FNDA:0,(anonymous_41)
FNDA:0,(anonymous_42)
FNDA:0,(anonymous_43)
FNDA:0,(anonymous_44)
FNDA:0,(anonymous_45)
FNDA:0,(anonymous_46)
FNDA:0,showSelectedProgramsModal
FNDA:0,(anonymous_48)
FNDA:0,(anonymous_49)
FNDA:0,(anonymous_50)
FNDA:0,(anonymous_51)
FNDA:0,(anonymous_52)
FNDA:0,removeProgramSelection
FNDA:0,updateOrderNumbers
FNDA:0,(anonymous_55)
FNDA:0,(anonymous_56)
FNDA:0,(anonymous_57)
FNDA:0,(anonymous_58)
FNDA:0,(anonymous_59)
FNDA:0,updateOrderBadges
FNDA:0,(anonymous_61)
FNDA:0,renumberSelectedPrograms
FNDA:0,(anonymous_63)
FNDA:0,(anonymous_64)
FNDA:0,(anonymous_65)
FNDA:0,updateSelectedProgramCount
FNDA:0,(anonymous_67)
FNDA:0,(anonymous_68)
FNDA:0,(anonymous_69)
FNDA:0,(anonymous_70)
FNDA:0,setupEnhancedFilterEventListeners
FNDA:0,(anonymous_72)
FNDA:0,(anonymous_73)
FNDA:0,(anonymous_74)
FNDA:0,(anonymous_75)
FNDA:0,(anonymous_76)
FNDA:0,(anonymous_77)
FNDA:0,(anonymous_78)
FNDA:0,(anonymous_79)
FNDA:0,(anonymous_80)
FNDA:0,(anonymous_81)
FNDA:0,(anonymous_82)
FNDA:0,(anonymous_83)
FNDA:0,updateVisibleProgramCount
FNDA:0,searchPrograms
FNDA:0,(anonymous_86)
FNDA:0,applyAllFilters
FNDA:0,(anonymous_88)
FNDA:0,renderProgramsList
FNDA:0,(anonymous_90)
FNDA:0,(anonymous_91)
FNDA:0,(anonymous_92)
FNDA:0,(anonymous_93)
FNDA:0,(anonymous_94)
FNDA:0,(anonymous_95)
FNDA:0,selectAllVisiblePrograms
FNDA:0,(anonymous_97)
FNDA:0,clearAllProgramSelections
FNDA:0,(anonymous_99)
FNDA:0,resetAllFilters
FNDA:0,(anonymous_101)
FNDA:0,showNotification
FNDA:0,(anonymous_103)
FNDA:0,attachProgramEventListeners
FNDA:0,(anonymous_105)
FNDA:0,(anonymous_106)
FNDA:0,(anonymous_107)
FNDA:0,(anonymous_108)
FNDA:0,populateAgencyFilterButtons
FNDA:0,(anonymous_110)
FNDA:0,(anonymous_111)
FNDA:0,(anonymous_112)
FNDA:0,(anonymous_113)
FNDA:0,attachAgencyFilterEventListeners
FNDA:0,(anonymous_115)
FNDA:0,(anonymous_116)
FNDA:0,(anonymous_117)
FNDA:0,getSelectedAgencyIds
FNDA:0,(anonymous_119)
FNDA:0,(anonymous_120)
FNDA:0,(anonymous_121)
FNDA:0,(anonymous_122)
FNDA:0,(anonymous_123)
FNDA:0,(anonymous_124)
FNDA:0,(anonymous_125)
FNDA:0,(anonymous_126)
FNDA:0,getSelectedPrograms
FNDA:0,(anonymous_128)
FNDA:0,setupGenerateReportToggle
FNDA:0,showGenerateForm
FNDA:0,hideGenerateForm
FNDA:0,initReportSearch
FNDA:0,performSearch
FNDA:0,(anonymous_134)
FNDA:0,(anonymous_135)
FNDA:0,showSearchInfo
FNDA:0,removeSearchInfo
FNDA:0,clearSearch
FNDA:0,(anonymous_139)
FNDA:0,(anonymous_140)
FNDA:0,(anonymous_141)
FNDA:0,initNewReportBadges
FNDA:0,addNewReportToTracker
FNDA:0,getNewReportsFromStorage
FNDA:0,cleanupExpiredNewReports
FNDA:0,(anonymous_146)
FNDA:0,(anonymous_147)
FNDA:0,applyNewReportBadges
FNDA:0,(anonymous_149)
FNDA:0,refreshRecentReports
FNDA:0,(anonymous_151)
FNDA:0,(anonymous_152)
FNDA:0,initModernDashboard
FNDA:0,(anonymous_154)
FNDA:0,(anonymous_155)
FNDA:0,(anonymous_156)
FNDA:0,(anonymous_157)
FNDA:0,(anonymous_158)
DA:11,0
DA:13,0
DA:14,0
DA:15,0
DA:17,0
DA:18,0
DA:21,0
DA:22,0
DA:23,0
DA:24,0
DA:25,0
DA:26,0
DA:27,0
DA:28,0
DA:29,0
DA:30,0
DA:31,0
DA:34,0
DA:35,0
DA:36,0
DA:37,0
DA:38,0
DA:39,0
DA:40,0
DA:41,0
DA:42,0
DA:45,0
DA:46,0
DA:62,0
DA:63,0
DA:75,0
DA:79,0
DA:80,0
DA:82,0
DA:83,0
DA:85,0
DA:86,0
DA:95,0
DA:96,0
DA:106,0
DA:107,0
DA:108,0
DA:109,0
DA:111,0
DA:115,0
DA:119,0
DA:122,0
DA:123,0
DA:124,0
DA:136,0
DA:137,0
DA:138,0
DA:140,0
DA:144,0
DA:147,0
DA:150,0
DA:153,0
DA:154,0
DA:157,0
DA:158,0
DA:161,0
DA:162,0
DA:163,0
DA:164,0
DA:167,0
DA:169,0
DA:170,0
DA:172,0
DA:175,0
DA:176,0
DA:180,0
DA:181,0
DA:182,0
DA:183,0
DA:184,0
DA:193,0
DA:196,0
DA:199,0
DA:201,0
DA:202,0
DA:214,0
DA:215,0
DA:217,0
DA:218,0
DA:219,0
DA:223,0
DA:224,0
DA:227,0
DA:229,0
DA:231,0
DA:233,0
DA:234,0
DA:236,0
DA:239,0
DA:240,0
DA:243,0
DA:244,0
DA:245,0
DA:248,0
DA:250,0
DA:251,0
DA:263,0
DA:265,0
DA:266,0
DA:272,0
DA:275,0
DA:277,0
DA:278,0
DA:289,0
DA:290,0
DA:291,0
DA:321,0
DA:327,0
DA:330,0
DA:331,0
DA:332,0
DA:338,0
DA:339,0
DA:340,0
DA:341,0
DA:344,0
DA:345,0
DA:348,0
DA:350,0
DA:351,0
DA:353,0
DA:356,0
DA:361,0
DA:363,0
DA:364,0
DA:365,0
DA:368,0
DA:373,0
DA:374,0
DA:380,0
DA:381,0
DA:384,0
DA:385,0
DA:390,0
DA:392,0
DA:404,0
DA:406,0
DA:407,0
DA:408,0
DA:412,0
DA:417,0
DA:418,0
DA:419,0
DA:420,0
DA:421,0
DA:428,0
DA:429,0
DA:430,0
DA:431,0
DA:432,0
DA:439,0
DA:443,0
DA:444,0
DA:449,0
DA:450,0
DA:452,0
DA:453,0
DA:454,0
DA:455,0
DA:458,0
DA:459,0
DA:460,0
DA:463,0
DA:464,0
DA:467,0
DA:468,0
DA:469,0
DA:472,0
DA:476,0
DA:477,0
DA:478,0
DA:480,0
DA:481,0
DA:482,0
DA:483,0
DA:485,0
DA:487,0
DA:488,0
DA:489,0
DA:491,0
DA:493,0
DA:496,0
DA:501,0
DA:504,0
DA:505,0
DA:506,0
DA:507,0
DA:512,0
DA:513,0
DA:514,0
DA:515,0
DA:518,0
DA:519,0
DA:521,0
DA:522,0
DA:524,0
DA:528,0
DA:529,0
DA:532,0
DA:533,0
DA:534,0
DA:540,0
DA:541,0
DA:542,0
DA:543,0
DA:544,0
DA:545,0
DA:546,0
DA:548,0
DA:550,0
DA:551,0
DA:559,0
DA:560,0
DA:561,0
DA:562,0
DA:566,0
DA:567,0
DA:568,0
DA:569,0
DA:572,0
DA:573,0
DA:574,0
DA:578,0
DA:579,0
DA:582,0
DA:583,0
DA:586,0
DA:587,0
DA:588,0
DA:593,0
DA:595,0
DA:601,0
DA:602,0
DA:603,0
DA:604,0
DA:606,0
DA:607,0
DA:608,0
DA:609,0
DA:610,0
DA:617,0
DA:618,0
DA:619,0
DA:620,0
DA:622,0
DA:623,0
DA:624,0
DA:625,0
DA:626,0
DA:633,0
DA:634,0
DA:638,0
DA:639,0
DA:645,0
DA:646,0
DA:647,0
DA:649,0
DA:673,0
DA:674,0
DA:689,0
DA:703,0
DA:706,0
DA:709,0
DA:710,0
DA:711,0
DA:712,0
DA:713,0
DA:718,0
DA:719,0
DA:723,0
DA:724,0
DA:728,0
DA:731,0
DA:732,0
DA:733,0
DA:734,0
DA:740,0
DA:741,0
DA:742,0
DA:745,0
DA:746,0
DA:749,0
DA:750,0
DA:751,0
DA:752,0
DA:754,0
DA:756,0
DA:760,0
DA:765,0
DA:766,0
DA:768,0
DA:770,0
DA:771,0
DA:775,0
DA:776,0
DA:779,0
DA:780,0
DA:781,0
DA:786,0
DA:787,0
DA:788,0
DA:789,0
DA:790,0
DA:791,0
DA:792,0
DA:795,0
DA:796,0
DA:797,0
DA:800,0
DA:801,0
DA:802,0
DA:810,0
DA:814,0
DA:815,0
DA:816,0
DA:817,0
DA:818,0
DA:819,0
DA:827,0
DA:828,0
DA:831,0
DA:832,0
DA:833,0
DA:834,0
DA:835,0
DA:836,0
DA:846,0
DA:849,0
DA:850,0
DA:851,0
DA:854,0
DA:855,0
DA:856,0
DA:857,0
DA:864,0
DA:870,0
DA:872,0
DA:873,0
DA:876,0
DA:878,0
DA:879,0
DA:881,0
DA:882,0
DA:884,0
DA:887,0
DA:888,0
DA:896,0
DA:897,0
DA:898,0
DA:899,0
DA:909,0
DA:910,0
DA:911,0
DA:912,0
DA:913,0
DA:914,0
DA:920,0
DA:921,0
DA:922,0
DA:923,0
DA:924,0
DA:925,0
DA:931,0
DA:932,0
DA:933,0
DA:934,0
DA:939,0
DA:940,0
DA:941,0
DA:942,0
DA:947,0
DA:948,0
DA:949,0
DA:950,0
DA:955,0
DA:956,0
DA:957,0
DA:958,0
DA:962,0
DA:963,0
DA:964,0
DA:965,0
DA:971,0
DA:974,0
DA:975,0
DA:989,0
DA:990,0
DA:991,0
DA:992,0
DA:994,0
DA:995,0
DA:998,0
DA:999,0
DA:1003,0
DA:1004,0
DA:1005,0
DA:1006,0
DA:1012,0
DA:1013,0
DA:1014,0
DA:1015,0
DA:1018,0
DA:1019,0
DA:1020,0
DA:1021,0
DA:1030,0
DA:1035,0
DA:1036,0
DA:1038,0
DA:1039,0
DA:1042,0
DA:1044,0
DA:1049,0
DA:1050,0
DA:1053,0
DA:1054,0
DA:1056,0
DA:1062,0
DA:1066,0
DA:1069,0
DA:1070,0
DA:1071,0
DA:1072,0
DA:1076,0
DA:1077,0
DA:1078,0
DA:1082,0
DA:1083,0
DA:1086,0
DA:1088,0
DA:1092,0
DA:1093,0
DA:1095,0
DA:1098,0
DA:1099,0
DA:1100,0
DA:1120,0
DA:1121,0
DA:1130,0
DA:1131,0
DA:1132,0
DA:1133,0
DA:1134,0
DA:1136,0
DA:1139,0
DA:1140,0
DA:1142,0
DA:1152,0
DA:1153,0
DA:1154,0
DA:1155,0
DA:1156,0
DA:1158,0
DA:1161,0
DA:1162,0
DA:1164,0
DA:1173,0
DA:1174,0
DA:1175,0
DA:1176,0
DA:1178,0
DA:1202,0
DA:1205,0
DA:1209,0
DA:1212,0
DA:1213,0
DA:1214,0
DA:1217,0
DA:1218,0
DA:1220,0
DA:1221,0
DA:1222,0
DA:1225,0
DA:1226,0
DA:1227,0
DA:1228,0
DA:1229,0
DA:1230,0
DA:1233,0
DA:1242,0
DA:1243,0
DA:1244,0
DA:1245,0
DA:1246,0
DA:1247,0
DA:1248,0
DA:1251,0
DA:1256,0
DA:1257,0
DA:1259,0
DA:1261,0
DA:1264,0
DA:1268,0
DA:1269,0
DA:1272,0
DA:1273,0
DA:1275,0
DA:1276,0
DA:1277,0
DA:1278,0
DA:1281,0
DA:1282,0
DA:1283,0
DA:1286,0
DA:1287,0
DA:1288,0
DA:1289,0
DA:1290,0
DA:1291,0
DA:1292,0
DA:1298,0
DA:1299,0
DA:1303,0
DA:1306,0
DA:1310,0
DA:1311,0
DA:1312,0
DA:1316,0
DA:1317,0
DA:1318,0
DA:1319,0
DA:1320,0
DA:1322,0
DA:1327,0
DA:1329,0
DA:1334,0
DA:1338,0
DA:1339,0
DA:1340,0
DA:1341,0
DA:1346,0
DA:1349,0
DA:1350,0
DA:1351,0
DA:1358,0
DA:1359,0
DA:1362,0
DA:1363,0
DA:1364,0
DA:1365,0
DA:1367,0
DA:1368,0
DA:1369,0
DA:1370,0
DA:1372,0
DA:1373,0
DA:1375,0
DA:1377,0
DA:1386,0
DA:1387,0
DA:1388,0
DA:1389,0
DA:1390,0
DA:1394,0
DA:1395,0
DA:1402,0
DA:1403,0
DA:1404,0
DA:1405,0
DA:1406,0
DA:1409,0
DA:1412,0
DA:1417,0
DA:1418,0
DA:1419,0
DA:1420,0
DA:1422,0
DA:1423,0
DA:1424,0
DA:1425,0
DA:1428,0
DA:1429,0
DA:1430,0
DA:1431,0
DA:1440,0
DA:1443,0
DA:1444,0
DA:1445,0
DA:1446,0
DA:1454,0
DA:1455,0
DA:1456,0
DA:1459,0
DA:1465,0
DA:1466,0
DA:1475,0
DA:1478,0
DA:1482,0
DA:1483,0
DA:1484,0
DA:1485,0
DA:1487,0
DA:1489,0
DA:1490,0
DA:1491,0
DA:1493,0
DA:1496,0
DA:1499,0
DA:1500,0
DA:1501,0
DA:1502,0
DA:1504,0
DA:1505,0
DA:1509,0
DA:1510,0
DA:1515,0
DA:1521,0
DA:1526,0
DA:1527,0
DA:1528,0
DA:1529,0
DA:1531,0
DA:1532,0
DA:1533,0
DA:1536,0
DA:1537,0
DA:1538,0
DA:1542,0
DA:1543,0
DA:1544,0
DA:1549,0
DA:1550,0
DA:1551,0
DA:1554,0
DA:1555,0
DA:1556,0
DA:1557,0
DA:1560,0
DA:1564,0
DA:1566,0
DA:1568,0
DA:1576,0
DA:1577,0
DA:1580,0
DA:1584,0
DA:1585,0
DA:1589,0
DA:1590,0
DA:1597,0
DA:1598,0
DA:1599,0
DA:1600,0
DA:1611,0
DA:1612,0
DA:1621,0
DA:1622,0
DA:1623,0
DA:1624,0
DA:1627,0
DA:1628,0
DA:1629,0
DA:1634,0
DA:1635,0
DA:1637,0
DA:1642,0
DA:1643,0
DA:1646,0
DA:1647,0
DA:1650,0
DA:1651,0
DA:1655,0
DA:1659,0
DA:1660,0
DA:1661,0
DA:1663,0
DA:1669,0
DA:1670,0
DA:1671,0
DA:1674,0
DA:1676,0
DA:1678,0
DA:1679,0
DA:1680,0
DA:1682,0
DA:1683,0
DA:1687,0
DA:1688,0
DA:1689,0
DA:1690,0
DA:1692,0
DA:1696,0
DA:1697,0
DA:1698,0
DA:1699,0
DA:1701,0
DA:1702,0
DA:1707,0
DA:1711,0
DA:1713,0
DA:1714,0
DA:1715,0
DA:1717,0
DA:1718,0
DA:1725,0
DA:1727,0
DA:1733,0
DA:1737,0
DA:1738,0
DA:1739,0
DA:1744,0
DA:1745,0
DA:1746,0
DA:1750,0
DA:1751,0
DA:1752,0
DA:1755,0
DA:1756,0
DA:1757,0
DA:1761,0
DA:1764,0
DA:1765,0
DA:1766,0
DA:1767,0
DA:1768,0
DA:1774,0
DA:1779,0
DA:1782,0
DA:1785,0
DA:1789,0
DA:1790,0
DA:1791,0
DA:1793,0
DA:1794,0
DA:1796,0
DA:1798,0
DA:1803,0
DA:1804,0
DA:1805,0
DA:1807,0
DA:1808,0
DA:1813,0
DA:1814,0
DA:1815,0
DA:1816,0
DA:1818,0
DA:1821,0
DA:1822,0
DA:1823,0
DA:1824,0
DA:1827,0
DA:1828,0
DA:1829,0
DA:1830,0
DA:1831,0
DA:1832,0
DA:1838,0
DA:1839,0
DA:1840,0
DA:1843,0
DA:1848,0
DA:1849,0
DA:1851,0
DA:1852,0
DA:1853,0
DA:1855,0
DA:1856,0
DA:1857,0
DA:1858,0
DA:1862,0
DA:1867,0
DA:1868,0
DA:1871,0
DA:1872,0
DA:1876,0
DA:1877,0
DA:1880,0
DA:1881,0
DA:1884,0
DA:1887,0
DA:1888,0
DA:1889,0
DA:1890,0
DA:1891,0
DA:1897,0
DA:1899,0
DA:1900,0
DA:1901,0
DA:1904,0
DA:1905,0
DA:1906,0
DA:1908,0
DA:1911,0
DA:1916,0
DA:1917,0
DA:1918,0
DA:1919,0
DA:1920,0
DA:1921,0
DA:1922,0
DA:1929,0
DA:1932,0
DA:1934,0
DA:1935,0
DA:1936,0
DA:1940,0
DA:1941,0
DA:1942,0
DA:1946,0
DA:1949,0
DA:1950,0
DA:1951,0
DA:1955,0
LF:807
LH:0
BRDA:13,0,0,0
BRDA:13,0,1,0
BRDA:24,1,0,0
BRDA:24,1,1,0
BRDA:26,2,0,0
BRDA:26,2,1,0
BRDA:45,3,0,0
BRDA:45,3,1,0
BRDA:45,4,0,0
BRDA:45,4,1,0
BRDA:45,4,2,0
BRDA:62,5,0,0
BRDA:62,5,1,0
BRDA:95,6,0,0
BRDA:95,6,1,0
BRDA:122,7,0,0
BRDA:122,7,1,0
BRDA:123,8,0,0
BRDA:123,8,1,0
BRDA:157,9,0,0
BRDA:157,9,1,0
BRDA:158,10,0,0
BRDA:158,10,1,0
BRDA:161,11,0,0
BRDA:161,11,1,0
BRDA:161,12,0,0
BRDA:161,12,1,0
BRDA:163,13,0,0
BRDA:163,13,1,0
BRDA:163,14,0,0
BRDA:163,14,1,0
BRDA:169,15,0,0
BRDA:169,15,1,0
BRDA:175,16,0,0
BRDA:175,16,1,0
BRDA:175,17,0,0
BRDA:175,17,1,0
BRDA:201,18,0,0
BRDA:201,18,1,0
BRDA:217,19,0,0
BRDA:217,19,1,0
BRDA:217,20,0,0
BRDA:217,20,1,0
BRDA:233,21,0,0
BRDA:233,21,1,0
BRDA:239,22,0,0
BRDA:239,22,1,0
BRDA:239,23,0,0
BRDA:239,23,1,0
BRDA:240,24,0,0
BRDA:240,24,1,0
BRDA:250,25,0,0
BRDA:250,25,1,0
BRDA:263,26,0,0
BRDA:263,26,1,0
BRDA:265,27,0,0
BRDA:265,27,1,0
BRDA:265,28,0,0
BRDA:265,28,1,0
BRDA:299,29,0,0
BRDA:299,29,1,0
BRDA:344,30,0,0
BRDA:344,30,1,0
BRDA:350,31,0,0
BRDA:350,31,1,0
BRDA:361,32,0,0
BRDA:361,32,1,0
BRDA:373,33,0,0
BRDA:373,33,1,0
BRDA:380,34,0,0
BRDA:380,34,1,0
BRDA:390,35,0,0
BRDA:390,35,1,0
BRDA:407,36,0,0
BRDA:407,36,1,0
BRDA:419,37,0,0
BRDA:419,37,1,0
BRDA:430,38,0,0
BRDA:430,38,1,0
BRDA:443,39,0,0
BRDA:443,39,1,0
BRDA:450,40,0,0
BRDA:450,40,1,0
BRDA:454,41,0,0
BRDA:454,41,1,0
BRDA:463,42,0,0
BRDA:463,42,1,0
BRDA:463,43,0,0
BRDA:463,43,1,0
BRDA:483,44,0,0
BRDA:483,44,1,0
BRDA:487,45,0,0
BRDA:487,45,1,0
BRDA:487,46,0,0
BRDA:487,46,1,0
BRDA:488,47,0,0
BRDA:488,47,1,0
BRDA:506,48,0,0
BRDA:506,48,1,0
BRDA:514,49,0,0
BRDA:514,49,1,0
BRDA:521,50,0,0
BRDA:521,50,1,0
BRDA:528,51,0,0
BRDA:528,51,1,0
BRDA:528,52,0,0
BRDA:528,52,1,0
BRDA:548,53,0,0
BRDA:548,53,1,0
BRDA:550,54,0,0
BRDA:550,54,1,0
BRDA:561,55,0,0
BRDA:561,55,1,0
BRDA:567,56,0,0
BRDA:567,56,1,0
BRDA:572,57,0,0
BRDA:572,57,1,0
BRDA:578,58,0,0
BRDA:578,58,1,0
BRDA:582,59,0,0
BRDA:582,59,1,0
BRDA:586,60,0,0
BRDA:586,60,1,0
BRDA:608,61,0,0
BRDA:608,61,1,0
BRDA:608,62,0,0
BRDA:608,62,1,0
BRDA:624,63,0,0
BRDA:624,63,1,0
BRDA:624,64,0,0
BRDA:624,64,1,0
BRDA:677,65,0,0
BRDA:677,65,1,0
BRDA:723,66,0,0
BRDA:723,66,1,0
BRDA:732,67,0,0
BRDA:732,67,1,0
BRDA:741,68,0,0
BRDA:741,68,1,0
BRDA:751,69,0,0
BRDA:751,69,1,0
BRDA:751,70,0,0
BRDA:751,70,1,0
BRDA:752,71,0,0
BRDA:752,71,1,0
BRDA:765,72,0,0
BRDA:765,72,1,0
BRDA:787,73,0,0
BRDA:787,73,1,0
BRDA:787,74,0,0
BRDA:787,74,1,0
BRDA:789,75,0,0
BRDA:789,75,1,0
BRDA:796,76,0,0
BRDA:796,76,1,0
BRDA:796,77,0,0
BRDA:796,77,1,0
BRDA:818,78,0,0
BRDA:818,78,1,0
BRDA:818,79,0,0
BRDA:818,79,1,0
BRDA:834,80,0,0
BRDA:834,80,1,0
BRDA:835,81,0,0
BRDA:835,81,1,0
BRDA:855,82,0,0
BRDA:855,82,1,0
BRDA:870,83,0,0
BRDA:870,83,1,0
BRDA:870,84,0,0
BRDA:870,84,1,0
BRDA:876,85,0,0
BRDA:876,85,1,0
BRDA:876,86,0,0
BRDA:876,86,1,0
BRDA:879,87,0,0
BRDA:879,87,1,0
BRDA:882,88,0,0
BRDA:882,88,1,0
BRDA:887,89,0,0
BRDA:887,89,1,0
BRDA:896,90,0,0
BRDA:896,90,1,0
BRDA:910,91,0,0
BRDA:910,91,1,0
BRDA:921,92,0,0
BRDA:921,92,1,0
BRDA:923,93,0,0
BRDA:923,93,1,0
BRDA:932,94,0,0
BRDA:932,94,1,0
BRDA:940,95,0,0
BRDA:940,95,1,0
BRDA:948,96,0,0
BRDA:948,96,1,0
BRDA:956,97,0,0
BRDA:956,97,1,0
BRDA:963,98,0,0
BRDA:963,98,1,0
BRDA:974,99,0,0
BRDA:974,99,1,0
BRDA:989,100,0,0
BRDA:989,100,1,0
BRDA:991,101,0,0
BRDA:991,101,1,0
BRDA:992,102,0,0
BRDA:992,102,1,0
BRDA:992,103,0,0
BRDA:992,103,1,0
BRDA:1013,104,0,0
BRDA:1013,104,1,0
BRDA:1019,105,0,0
BRDA:1019,105,1,0
BRDA:1038,106,0,0
BRDA:1038,106,1,0
BRDA:1042,107,0,0
BRDA:1042,107,1,0
BRDA:1044,108,0,0
BRDA:1044,108,1,0
BRDA:1049,109,0,0
BRDA:1049,109,1,0
BRDA:1049,110,0,0
BRDA:1049,110,1,0
BRDA:1057,111,0,0
BRDA:1057,111,1,0
BRDA:1058,112,0,0
BRDA:1058,112,1,0
BRDA:1059,113,0,0
BRDA:1059,113,1,0
BRDA:1070,114,0,0
BRDA:1070,114,1,0
BRDA:1077,115,0,0
BRDA:1077,115,1,0
BRDA:1077,116,0,0
BRDA:1077,116,1,0
BRDA:1093,117,0,0
BRDA:1093,117,1,0
BRDA:1099,118,0,0
BRDA:1099,118,1,0
BRDA:1120,119,0,0
BRDA:1120,119,1,0
BRDA:1132,120,0,0
BRDA:1132,120,1,0
BRDA:1133,121,0,0
BRDA:1133,121,1,0
BRDA:1154,122,0,0
BRDA:1154,122,1,0
BRDA:1155,123,0,0
BRDA:1155,123,1,0
BRDA:1175,124,0,0
BRDA:1175,124,1,0
BRDA:1176,125,0,0
BRDA:1176,125,1,0
BRDA:1179,126,0,0
BRDA:1179,126,1,0
BRDA:1185,127,0,0
BRDA:1185,127,1,0
BRDA:1187,128,0,0
BRDA:1187,128,1,0
BRDA:1190,129,0,0
BRDA:1190,129,1,0
BRDA:1191,130,0,0
BRDA:1191,130,1,0
BRDA:1196,131,0,0
BRDA:1196,131,1,0
BRDA:1197,132,0,0
BRDA:1197,132,1,0
BRDA:1221,133,0,0
BRDA:1221,133,1,0
BRDA:1226,134,0,0
BRDA:1226,134,1,0
BRDA:1244,135,0,0
BRDA:1244,135,1,0
BRDA:1244,136,0,0
BRDA:1244,136,1,0
BRDA:1256,137,0,0
BRDA:1256,137,1,0
BRDA:1276,138,0,0
BRDA:1276,138,1,0
BRDA:1282,139,0,0
BRDA:1282,139,1,0
BRDA:1288,140,0,0
BRDA:1288,140,1,0
BRDA:1288,141,0,0
BRDA:1288,141,1,0
BRDA:1298,142,0,0
BRDA:1298,142,1,0
BRDA:1311,143,0,0
BRDA:1311,143,1,0
BRDA:1319,144,0,0
BRDA:1319,144,1,0
BRDA:1332,145,0,0
BRDA:1334,146,0,0
BRDA:1334,146,1,0
BRDA:1335,147,0,0
BRDA:1335,147,1,0
BRDA:1336,148,0,0
BRDA:1336,148,1,0
BRDA:1350,149,0,0
BRDA:1350,149,1,0
BRDA:1365,150,0,0
BRDA:1365,150,1,0
BRDA:1375,151,0,0
BRDA:1375,151,1,0
BRDA:1386,152,0,0
BRDA:1386,152,1,0
BRDA:1386,153,0,0
BRDA:1386,153,1,0
BRDA:1394,154,0,0
BRDA:1394,154,1,0
BRDA:1402,155,0,0
BRDA:1402,155,1,0
BRDA:1402,156,0,0
BRDA:1402,156,1,0
BRDA:1420,157,0,0
BRDA:1420,157,1,0
BRDA:1422,158,0,0
BRDA:1422,158,1,0
BRDA:1430,159,0,0
BRDA:1430,159,1,0
BRDA:1440,160,0,0
BRDA:1440,160,1,0
BRDA:1445,161,0,0
BRDA:1445,161,1,0
BRDA:1445,162,0,0
BRDA:1445,162,1,0
BRDA:1487,163,0,0
BRDA:1487,163,1,0
BRDA:1500,164,0,0
BRDA:1500,164,1,0
BRDA:1509,165,0,0
BRDA:1509,165,1,0
BRDA:1521,166,0,0
BRDA:1521,166,1,0
BRDA:1527,167,0,0
BRDA:1527,167,1,0
BRDA:1538,168,0,0
BRDA:1538,168,1,0
BRDA:1566,169,0,0
BRDA:1566,169,1,0
BRDA:1580,170,0,0
BRDA:1580,170,1,0
BRDA:1599,171,0,0
BRDA:1599,171,1,0
BRDA:1611,172,0,0
BRDA:1611,172,1,0
BRDA:1611,173,0,0
BRDA:1611,173,1,0
BRDA:1627,174,0,0
BRDA:1627,174,1,0
BRDA:1634,175,0,0
BRDA:1634,175,1,0
BRDA:1642,176,0,0
BRDA:1642,176,1,0
BRDA:1646,177,0,0
BRDA:1646,177,1,0
BRDA:1650,178,0,0
BRDA:1650,178,1,0
BRDA:1663,179,0,0
BRDA:1663,179,1,0
BRDA:1663,180,0,0
BRDA:1663,180,1,0
BRDA:1674,181,0,0
BRDA:1674,181,1,0
BRDA:1676,182,0,0
BRDA:1676,182,1,0
BRDA:1688,183,0,0
BRDA:1688,183,1,0
BRDA:1689,184,0,0
BRDA:1689,184,1,0
BRDA:1690,185,0,0
BRDA:1690,185,1,0
BRDA:1692,186,0,0
BRDA:1692,186,1,0
BRDA:1692,186,2,0
BRDA:1696,187,0,0
BRDA:1696,187,1,0
BRDA:1717,188,0,0
BRDA:1717,188,1,0
BRDA:1729,189,0,0
BRDA:1729,189,1,0
BRDA:1738,190,0,0
BRDA:1738,190,1,0
BRDA:1756,191,0,0
BRDA:1756,191,1,0
BRDA:1765,192,0,0
BRDA:1765,192,1,0
BRDA:1765,193,0,0
BRDA:1765,193,1,0
BRDA:1765,193,2,0
BRDA:1805,194,0,0
BRDA:1805,194,1,0
BRDA:1822,195,0,0
BRDA:1822,195,1,0
BRDA:1828,196,0,0
BRDA:1828,196,1,0
BRDA:1830,197,0,0
BRDA:1830,197,1,0
BRDA:1838,198,0,0
BRDA:1838,198,1,0
BRDA:1853,199,0,0
BRDA:1853,199,1,0
BRDA:1853,200,0,0
BRDA:1853,200,1,0
BRDA:1871,201,0,0
BRDA:1871,201,1,0
BRDA:1871,202,0,0
BRDA:1871,202,1,0
BRDA:1876,203,0,0
BRDA:1876,203,1,0
BRDA:1876,204,0,0
BRDA:1876,204,1,0
BRDA:1881,205,0,0
BRDA:1881,205,1,0
BRDA:1908,206,0,0
BRDA:1908,206,1,0
BRDA:1921,207,0,0
BRDA:1921,207,1,0
BRDA:1935,208,0,0
BRDA:1935,208,1,0
BRDA:1941,209,0,0
BRDA:1941,209,1,0
BRDA:1950,210,0,0
BRDA:1950,210,1,0
BRF:424
BRH:0
end_of_record
TN:
SF:assets\js\responsive-navbar.js
FN:6,(anonymous_0)
FN:28,init
FN:40,setupResponsiveText
FN:62,updateBrandText
FN:99,debounce
FN:101,executedFunction
FN:102,(anonymous_6)
FN:117,(anonymous_7)
FN:118,(anonymous_8)
FN:119,(anonymous_9)
FN:120,(anonymous_10)
FNF:11
FNH:0
FNDA:0,(anonymous_0)
FNDA:0,init
FNDA:0,setupResponsiveText
FNDA:0,updateBrandText
FNDA:0,debounce
FNDA:0,executedFunction
FNDA:0,(anonymous_6)
FNDA:0,(anonymous_7)
FNDA:0,(anonymous_8)
FNDA:0,(anonymous_9)
FNDA:0,(anonymous_10)
DA:6,0
DA:10,0
DA:17,0
DA:18,0
DA:21,0
DA:22,0
DA:23,0
DA:30,0
DA:31,0
DA:33,0
DA:41,0
DA:42,0
DA:44,0
DA:45,0
DA:48,0
DA:49,0
DA:50,0
DA:53,0
DA:56,0
DA:63,0
DA:65,0
DA:66,0
DA:69,0
DA:70,0
DA:71,0
DA:72,0
DA:73,0
DA:75,0
DA:79,0
DA:80,0
DA:83,0
DA:86,0
DA:87,0
DA:88,0
DA:89,0
DA:91,0
DA:101,0
DA:102,0
DA:103,0
DA:104,0
DA:106,0
DA:107,0
DA:112,0
DA:115,0
DA:117,0
DA:118,0
DA:119,0
DA:120,0
LF:48
LH:0
BRDA:30,0,0,0
BRDA:30,0,1,0
BRDA:42,1,0,0
BRDA:42,1,1,0
BRDA:45,2,0,0
BRDA:45,2,1,0
BRDA:48,3,0,0
BRDA:48,3,1,0
BRDA:49,4,0,0
BRDA:49,4,1,0
BRDA:50,5,0,0
BRDA:50,5,1,0
BRDA:63,6,0,0
BRDA:63,6,1,0
BRDA:69,7,0,0
BRDA:69,7,1,0
BRDA:71,8,0,0
BRDA:71,8,1,0
BRDA:73,9,0,0
BRDA:73,9,1,0
BRDA:73,10,0,0
BRDA:73,10,1,0
BRDA:79,11,0,0
BRDA:79,11,1,0
BRDA:86,12,0,0
BRDA:86,12,1,0
BRDA:88,13,0,0
BRDA:88,13,1,0
BRDA:117,14,0,0
BRDA:117,14,1,0
BRF:30
BRH:0
end_of_record
TN:
SF:assets\js\table-calculation-engine.js
FN:9,(anonymous_0)
FN:20,(anonymous_1)
FN:29,(anonymous_2)
FN:39,(anonymous_3)
FN:49,(anonymous_4)
FN:66,(anonymous_5)
FN:82,(anonymous_6)
FN:116,(anonymous_7)
FN:126,(anonymous_8)
FN:151,(anonymous_9)
FN:153,(anonymous_10)
FN:165,(anonymous_11)
FN:173,(anonymous_12)
FN:186,(anonymous_13)
FN:193,(anonymous_14)
FN:216,(anonymous_15)
FN:232,(anonymous_16)
FN:233,(anonymous_17)
FN:240,(anonymous_18)
FN:272,(anonymous_19)
FNF:20
FNH:0
FNDA:0,(anonymous_0)
FNDA:0,(anonymous_1)
FNDA:0,(anonymous_2)
FNDA:0,(anonymous_3)
FNDA:0,(anonymous_4)
FNDA:0,(anonymous_5)
FNDA:0,(anonymous_6)
FNDA:0,(anonymous_7)
FNDA:0,(anonymous_8)
FNDA:0,(anonymous_9)
FNDA:0,(anonymous_10)
FNDA:0,(anonymous_11)
FNDA:0,(anonymous_12)
FNDA:0,(anonymous_13)
FNDA:0,(anonymous_14)
FNDA:0,(anonymous_15)
FNDA:0,(anonymous_16)
FNDA:0,(anonymous_17)
FNDA:0,(anonymous_18)
FNDA:0,(anonymous_19)
DA:10,0
DA:11,0
DA:12,0
DA:21,0
DA:22,0
DA:30,0
DA:31,0
DA:40,0
DA:42,0
DA:43,0
DA:44,0
DA:46,0
DA:47,0
DA:48,0
DA:49,0
DA:50,0
DA:51,0
DA:56,0
DA:67,0
DA:70,0
DA:71,0
DA:73,0
DA:74,0
DA:76,0
DA:77,0
DA:78,0
DA:79,0
DA:82,0
DA:84,0
DA:85,0
DA:88,0
DA:91,0
DA:92,0
DA:93,0
DA:94,0
DA:99,0
DA:100,0
DA:101,0
DA:105,0
DA:117,0
DA:118,0
DA:121,0
DA:122,0
DA:123,0
DA:126,0
DA:127,0
DA:129,0
DA:131,0
DA:132,0
DA:134,0
DA:135,0
DA:137,0
DA:138,0
DA:140,0
DA:141,0
DA:144,0
DA:152,0
DA:153,0
DA:154,0
DA:155,0
DA:156,0
DA:159,0
DA:166,0
DA:167,0
DA:174,0
DA:175,0
DA:177,0
DA:178,0
DA:180,0
DA:187,0
DA:189,0
DA:190,0
DA:192,0
DA:193,0
DA:194,0
DA:195,0
DA:197,0
DA:198,0
DA:200,0
DA:201,0
DA:206,0
DA:208,0
DA:209,0
DA:218,0
DA:220,0
DA:222,0
DA:224,0
DA:225,0
DA:233,0
DA:234,0
DA:241,0
DA:273,0
DA:275,0
DA:276,0
DA:278,0
DA:279,0
DA:283,0
DA:284,0
DA:285,0
DA:286,0
DA:287,0
DA:288,0
DA:293,0
DA:295,0
DA:301,0
DA:302,0
DA:304,0
LF:107
LH:0
BRDA:42,0,0,0
BRDA:42,0,1,0
BRDA:42,1,0,0
BRDA:42,1,1,0
BRDA:44,2,0,0
BRDA:44,2,1,0
BRDA:48,3,0,0
BRDA:48,3,1,0
BRDA:79,4,0,0
BRDA:79,4,1,0
BRDA:84,5,0,0
BRDA:84,5,1,0
BRDA:91,6,0,0
BRDA:91,6,1,0
BRDA:99,7,0,0
BRDA:99,7,1,0
BRDA:117,8,0,0
BRDA:117,8,1,0
BRDA:122,9,0,0
BRDA:122,9,1,0
BRDA:129,10,0,0
BRDA:129,10,1,0
BRDA:129,10,2,0
BRDA:129,10,3,0
BRDA:155,11,0,0
BRDA:155,11,1,0
BRDA:155,12,0,0
BRDA:155,12,1,0
BRDA:156,13,0,0
BRDA:156,13,1,0
BRDA:167,14,0,0
BRDA:167,14,1,0
BRDA:177,15,0,0
BRDA:177,15,1,0
BRDA:178,16,0,0
BRDA:178,16,1,0
BRDA:180,17,0,0
BRDA:180,17,1,0
BRDA:192,18,0,0
BRDA:192,18,1,0
BRDA:198,19,0,0
BRDA:198,19,1,0
BRDA:200,20,0,0
BRDA:200,20,1,0
BRDA:234,21,0,0
BRDA:234,21,1,0
BRDA:275,22,0,0
BRDA:275,22,1,0
BRDA:276,23,0,0
BRDA:276,23,1,0
BRDA:278,24,0,0
BRDA:278,24,1,0
BRDA:284,25,0,0
BRDA:284,25,1,0
BRDA:287,26,0,0
BRDA:287,26,1,0
BRDA:301,27,0,0
BRDA:301,27,1,0
BRDA:301,28,0,0
BRDA:301,28,1,0
BRF:60
BRH:0
end_of_record
TN:
SF:assets\js\table-structure-designer.js
FN:11,(anonymous_0)
FN:18,(anonymous_1)
FN:26,(anonymous_2)
FN:36,(anonymous_3)
FN:64,(anonymous_4)
FN:105,(anonymous_5)
FN:151,(anonymous_6)
FN:167,(anonymous_7)
FN:204,(anonymous_8)
FN:209,(anonymous_9)
FN:235,(anonymous_10)
FN:240,(anonymous_11)
FN:267,(anonymous_12)
FN:289,(anonymous_13)
FN:298,(anonymous_14)
FN:303,(anonymous_15)
FN:318,(anonymous_16)
FN:358,(anonymous_17)
FN:373,(anonymous_18)
FN:378,(anonymous_19)
FN:385,(anonymous_20)
FN:392,(anonymous_21)
FN:399,(anonymous_22)
FN:420,(anonymous_23)
FN:440,(anonymous_24)
FN:455,(anonymous_25)
FN:472,(anonymous_26)
FN:489,(anonymous_27)
FN:507,(anonymous_28)
FN:520,(anonymous_29)
FN:529,(anonymous_30)
FN:538,(anonymous_31)
FN:547,(anonymous_32)
FN:556,(anonymous_33)
FN:565,(anonymous_34)
FN:574,(anonymous_35)
FN:586,(anonymous_36)
FN:598,(anonymous_37)
FN:615,(anonymous_38)
FN:628,(anonymous_39)
FN:630,(anonymous_40)
FN:637,(anonymous_41)
FN:644,(anonymous_42)
FN:652,(anonymous_43)
FN:667,(anonymous_44)
FN:687,(anonymous_45)
FN:695,(anonymous_46)
FN:719,(anonymous_47)
FN:734,(anonymous_48)
FN:754,(anonymous_49)
FN:790,(anonymous_50)
FN:797,(anonymous_51)
FN:806,(anonymous_52)
FN:828,initTableStructureDesigner
FNF:54
FNH:0
FNDA:0,(anonymous_0)
FNDA:0,(anonymous_1)
FNDA:0,(anonymous_2)
FNDA:0,(anonymous_3)
FNDA:0,(anonymous_4)
FNDA:0,(anonymous_5)
FNDA:0,(anonymous_6)
FNDA:0,(anonymous_7)
FNDA:0,(anonymous_8)
FNDA:0,(anonymous_9)
FNDA:0,(anonymous_10)
FNDA:0,(anonymous_11)
FNDA:0,(anonymous_12)
FNDA:0,(anonymous_13)
FNDA:0,(anonymous_14)
FNDA:0,(anonymous_15)
FNDA:0,(anonymous_16)
FNDA:0,(anonymous_17)
FNDA:0,(anonymous_18)
FNDA:0,(anonymous_19)
FNDA:0,(anonymous_20)
FNDA:0,(anonymous_21)
FNDA:0,(anonymous_22)
FNDA:0,(anonymous_23)
FNDA:0,(anonymous_24)
FNDA:0,(anonymous_25)
FNDA:0,(anonymous_26)
FNDA:0,(anonymous_27)
FNDA:0,(anonymous_28)
FNDA:0,(anonymous_29)
FNDA:0,(anonymous_30)
FNDA:0,(anonymous_31)
FNDA:0,(anonymous_32)
FNDA:0,(anonymous_33)
FNDA:0,(anonymous_34)
FNDA:0,(anonymous_35)
FNDA:0,(anonymous_36)
FNDA:0,(anonymous_37)
FNDA:0,(anonymous_38)
FNDA:0,(anonymous_39)
FNDA:0,(anonymous_40)
FNDA:0,(anonymous_41)
FNDA:0,(anonymous_42)
FNDA:0,(anonymous_43)
FNDA:0,(anonymous_44)
FNDA:0,(anonymous_45)
FNDA:0,(anonymous_46)
FNDA:0,(anonymous_47)
FNDA:0,(anonymous_48)
FNDA:0,(anonymous_49)
FNDA:0,(anonymous_50)
FNDA:0,(anonymous_51)
FNDA:0,(anonymous_52)
FNDA:0,initTableStructureDesigner
DA:9,0
DA:12,0
DA:13,0
DA:15,0
DA:16,0
DA:17,0
DA:18,0
DA:21,0
DA:23,0
DA:27,0
DA:28,0
DA:29,0
DA:30,0
DA:31,0
DA:32,0
DA:33,0
DA:37,0
DA:38,0
DA:41,0
DA:61,0
DA:65,0
DA:66,0
DA:68,0
DA:102,0
DA:106,0
DA:107,0
DA:109,0
DA:148,0
DA:152,0
DA:153,0
DA:155,0
DA:157,0
DA:167,0
DA:198,0
DA:201,0
DA:205,0
DA:206,0
DA:209,0
DA:236,0
DA:237,0
DA:240,0
DA:268,0
DA:269,0
DA:271,0
DA:273,0
DA:274,0
DA:280,0
DA:283,0
DA:289,0
DA:298,0
DA:303,0
DA:315,0
DA:319,0
DA:321,0
DA:336,0
DA:343,0
DA:344,0
DA:352,0
DA:354,0
DA:359,0
DA:361,0
DA:363,0
DA:365,0
DA:367,0
DA:369,0
DA:378,0
DA:379,0
DA:380,0
DA:385,0
DA:386,0
DA:387,0
DA:392,0
DA:393,0
DA:394,0
DA:399,0
DA:400,0
DA:401,0
DA:403,0
DA:404,0
DA:406,0
DA:407,0
DA:408,0
DA:409,0
DA:410,0
DA:411,0
DA:412,0
DA:413,0
DA:423,0
DA:425,0
DA:431,0
DA:432,0
DA:433,0
DA:434,0
DA:436,0
DA:441,0
DA:442,0
DA:444,0
DA:445,0
DA:447,0
DA:448,0
DA:449,0
DA:452,0
DA:455,0
DA:456,0
DA:457,0
DA:460,0
DA:463,0
DA:464,0
DA:467,0
DA:468,0
DA:469,0
DA:473,0
DA:474,0
DA:475,0
DA:477,0
DA:478,0
DA:479,0
DA:481,0
DA:482,0
DA:483,0
DA:486,0
DA:489,0
DA:490,0
DA:491,0
DA:494,0
DA:497,0
DA:498,0
DA:499,0
DA:502,0
DA:503,0
DA:504,0
DA:508,0
DA:509,0
DA:511,0
DA:512,0
DA:513,0
DA:517,0
DA:521,0
DA:522,0
DA:523,0
DA:524,0
DA:525,0
DA:530,0
DA:531,0
DA:532,0
DA:533,0
DA:534,0
DA:539,0
DA:540,0
DA:541,0
DA:542,0
DA:543,0
DA:548,0
DA:549,0
DA:550,0
DA:551,0
DA:552,0
DA:557,0
DA:558,0
DA:559,0
DA:560,0
DA:561,0
DA:566,0
DA:567,0
DA:568,0
DA:569,0
DA:570,0
DA:575,0
DA:576,0
DA:577,0
DA:578,0
DA:579,0
DA:580,0
DA:581,0
DA:582,0
DA:587,0
DA:588,0
DA:589,0
DA:590,0
DA:591,0
DA:592,0
DA:593,0
DA:594,0
DA:599,0
DA:616,0
DA:617,0
DA:618,0
DA:621,0
DA:622,0
DA:623,0
DA:624,0
DA:625,0
DA:630,0
DA:631,0
DA:632,0
DA:637,0
DA:638,0
DA:639,0
DA:644,0
DA:645,0
DA:646,0
DA:647,0
DA:653,0
DA:654,0
DA:656,0
DA:659,0
DA:668,0
DA:677,0
DA:679,0
DA:688,0
DA:696,0
DA:704,0
DA:706,0
DA:720,0
DA:728,0
DA:731,0
DA:735,0
DA:736,0
DA:738,0
DA:739,0
DA:740,0
DA:743,0
DA:744,0
DA:750,0
DA:753,0
DA:754,0
DA:755,0
DA:756,0
DA:757,0
DA:759,0
DA:760,0
DA:762,0
DA:763,0
DA:764,0
DA:766,0
DA:767,0
DA:768,0
DA:769,0
DA:770,0
DA:772,0
DA:773,0
DA:777,0
DA:780,0
DA:781,0
DA:782,0
DA:785,0
DA:786,0
DA:787,0
DA:791,0
DA:792,0
DA:793,0
DA:794,0
DA:798,0
DA:799,0
DA:801,0
DA:802,0
DA:803,0
DA:806,0
DA:820,0
DA:825,0
DA:829,0
DA:830,0
LF:262
LH:0
BRDA:9,0,0,0
BRDA:9,0,1,0
BRDA:11,1,0,0
BRDA:12,2,0,0
BRDA:12,2,1,0
BRDA:13,3,0,0
BRDA:13,3,1,0
BRDA:16,4,0,0
BRDA:16,4,1,0
BRDA:17,5,0,0
BRDA:17,5,1,0
BRDA:18,6,0,0
BRDA:18,6,1,0
BRDA:38,7,0,0
BRDA:38,7,1,0
BRDA:66,8,0,0
BRDA:66,8,1,0
BRDA:107,9,0,0
BRDA:107,9,1,0
BRDA:153,10,0,0
BRDA:153,10,1,0
BRDA:205,11,0,0
BRDA:205,11,1,0
BRDA:223,12,0,0
BRDA:223,12,1,0
BRDA:226,13,0,0
BRDA:226,13,1,0
BRDA:236,14,0,0
BRDA:236,14,1,0
BRDA:245,15,0,0
BRDA:245,15,1,0
BRDA:255,16,0,0
BRDA:255,16,1,0
BRDA:258,17,0,0
BRDA:258,17,1,0
BRDA:269,18,0,0
BRDA:269,18,1,0
BRDA:273,19,0,0
BRDA:273,19,1,0
BRDA:273,20,0,0
BRDA:273,20,1,0
BRDA:292,21,0,0
BRDA:292,21,1,0
BRDA:299,22,0,0
BRDA:299,22,1,0
BRDA:301,23,0,0
BRDA:301,23,1,0
BRDA:304,24,0,0
BRDA:304,24,1,0
BRDA:305,25,0,0
BRDA:305,25,1,0
BRDA:319,26,0,0
BRDA:319,26,1,0
BRDA:319,26,2,0
BRDA:319,26,3,0
BRDA:319,26,4,0
BRDA:359,27,0,0
BRDA:359,27,1,0
BRDA:359,27,2,0
BRDA:359,27,3,0
BRDA:359,27,4,0
BRDA:379,28,0,0
BRDA:379,28,1,0
BRDA:379,29,0,0
BRDA:379,29,1,0
BRDA:386,30,0,0
BRDA:386,30,1,0
BRDA:386,31,0,0
BRDA:386,31,1,0
BRDA:393,32,0,0
BRDA:393,32,1,0
BRDA:393,33,0,0
BRDA:393,33,1,0
BRDA:401,34,0,0
BRDA:401,34,1,0
BRDA:404,35,0,0
BRDA:404,35,1,0
BRDA:406,36,0,0
BRDA:406,36,1,0
BRDA:408,37,0,0
BRDA:408,37,1,0
BRDA:410,38,0,0
BRDA:410,38,1,0
BRDA:412,39,0,0
BRDA:412,39,1,0
BRDA:423,40,0,0
BRDA:423,40,1,0
BRDA:432,41,0,0
BRDA:432,41,1,0
BRDA:447,42,0,0
BRDA:447,42,1,0
BRDA:455,43,0,0
BRDA:455,43,1,0
BRDA:481,44,0,0
BRDA:481,44,1,0
BRDA:489,45,0,0
BRDA:489,45,1,0
BRDA:511,46,0,0
BRDA:511,46,1,0
BRDA:521,47,0,0
BRDA:521,47,1,0
BRDA:530,48,0,0
BRDA:530,48,1,0
BRDA:539,49,0,0
BRDA:539,49,1,0
BRDA:548,50,0,0
BRDA:548,50,1,0
BRDA:557,51,0,0
BRDA:557,51,1,0
BRDA:566,52,0,0
BRDA:566,52,1,0
BRDA:577,53,0,0
BRDA:577,53,1,0
BRDA:577,54,0,0
BRDA:577,54,1,0
BRDA:589,55,0,0
BRDA:589,55,1,0
BRDA:589,56,0,0
BRDA:589,56,1,0
BRDA:617,57,0,0
BRDA:617,57,1,0
BRDA:618,58,0,0
BRDA:618,58,1,0
BRDA:631,59,0,0
BRDA:631,59,1,0
BRDA:638,60,0,0
BRDA:638,60,1,0
BRDA:645,61,0,0
BRDA:645,61,1,0
BRDA:656,62,0,0
BRDA:656,62,1,0
BRDA:656,62,2,0
BRDA:656,62,3,0
BRDA:674,63,0,0
BRDA:674,63,1,0
BRDA:738,64,0,0
BRDA:738,64,1,0
BRDA:738,65,0,0
BRDA:738,65,1,0
BRDA:750,66,0,0
BRDA:750,66,1,0
BRDA:750,66,2,0
BRDA:750,66,3,0
BRDA:755,67,0,0
BRDA:755,67,1,0
BRDA:768,68,0,0
BRDA:768,68,1,0
BRDA:801,69,0,0
BRDA:801,69,1,0
BRDA:828,70,0,0
BRF:150
BRH:0
end_of_record
TN:
SF:assets\js\url_helpers.js
FN:19,viewUrl
FN:39,apiUrl
FN:58,ajaxUrl
FN:77,assetUrl
FNF:4
FNH:0
FNDA:0,viewUrl
FNDA:0,apiUrl
FNDA:0,ajaxUrl
FNDA:0,assetUrl
DA:9,0
DA:20,0
DA:23,0
DA:24,0
DA:26,0
DA:29,0
DA:40,0
DA:43,0
DA:44,0
DA:45,0
DA:48,0
DA:59,0
DA:62,0
DA:63,0
DA:64,0
DA:67,0
DA:78,0
LF:17
LH:0
BRDA:9,0,0,0
BRDA:9,0,1,0
BRDA:19,1,0,0
BRDA:24,2,0,0
BRDA:24,2,1,0
BRDA:26,3,0,0
BRDA:26,3,1,0
BRDA:39,4,0,0
BRDA:44,5,0,0
BRDA:44,5,1,0
BRDA:58,6,0,0
BRDA:63,7,0,0
BRDA:63,7,1,0
BRF:13
BRH:0
end_of_record
TN:
SF:assets\js\admin\audit-log.js
FN:7,(anonymous_0)
FN:15,initAuditLog
FN:26,setupEventListeners
FN:30,(anonymous_3)
FN:40,(anonymous_4)
FN:50,(anonymous_5)
FN:58,(anonymous_6)
FN:66,(anonymous_7)
FN:74,(anonymous_8)
FN:86,setDefaultDateRange
FN:99,clearFilters
FN:106,loadAuditLogs
FN:142,(anonymous_12)
FN:148,(anonymous_13)
FN:166,(anonymous_14)
FN:177,(anonymous_15)
FN:181,(anonymous_16)
FN:186,showLoadingState
FN:198,displayAuditLogs
FN:229,(anonymous_19)
FN:289,(anonymous_20)
FN:290,(anonymous_21)
FN:299,(anonymous_22)
FN:300,(anonymous_23)
FN:309,displayPagination
FN:392,exportAuditLogs
FN:413,(anonymous_26)
FN:429,(anonymous_27)
FN:435,(anonymous_28)
FN:453,(anonymous_29)
FN:458,(anonymous_30)
FN:460,(anonymous_31)
FN:469,showError
FN:492,showSuccess
FN:511,(anonymous_34)
FN:518,(anonymous_35)
FN:526,showExportMessage
FN:548,(anonymous_37)
FN:554,escapeHtml
FN:564,truncateText
FN:570,showDetailsModal
FN:607,showFieldChangesModal
FN:634,(anonymous_42)
FN:635,(anonymous_43)
FN:649,(anonymous_44)
FN:660,(anonymous_45)
FN:665,generateFieldChangesHTML
FN:689,(anonymous_47)
FN:713,getChangeTypeBadge
FNF:49
FNH:0
FNDA:0,(anonymous_0)
FNDA:0,initAuditLog
FNDA:0,setupEventListeners
FNDA:0,(anonymous_3)
FNDA:0,(anonymous_4)
FNDA:0,(anonymous_5)
FNDA:0,(anonymous_6)
FNDA:0,(anonymous_7)
FNDA:0,(anonymous_8)
FNDA:0,setDefaultDateRange
FNDA:0,clearFilters
FNDA:0,loadAuditLogs
FNDA:0,(anonymous_12)
FNDA:0,(anonymous_13)
FNDA:0,(anonymous_14)
FNDA:0,(anonymous_15)
FNDA:0,(anonymous_16)
FNDA:0,showLoadingState
FNDA:0,displayAuditLogs
FNDA:0,(anonymous_19)
FNDA:0,(anonymous_20)
FNDA:0,(anonymous_21)
FNDA:0,(anonymous_22)
FNDA:0,(anonymous_23)
FNDA:0,displayPagination
FNDA:0,exportAuditLogs
FNDA:0,(anonymous_26)
FNDA:0,(anonymous_27)
FNDA:0,(anonymous_28)
FNDA:0,(anonymous_29)
FNDA:0,(anonymous_30)
FNDA:0,(anonymous_31)
FNDA:0,showError
FNDA:0,showSuccess
FNDA:0,(anonymous_34)
FNDA:0,(anonymous_35)
FNDA:0,showExportMessage
FNDA:0,(anonymous_37)
FNDA:0,escapeHtml
FNDA:0,truncateText
FNDA:0,showDetailsModal
FNDA:0,showFieldChangesModal
FNDA:0,(anonymous_42)
FNDA:0,(anonymous_43)
FNDA:0,(anonymous_44)
FNDA:0,(anonymous_45)
FNDA:0,generateFieldChangesHTML
FNDA:0,(anonymous_47)
FNDA:0,getChangeTypeBadge
DA:7,0
DA:8,0
DA:9,0
DA:10,0
DA:13,0
DA:17,0
DA:20,0
DA:23,0
DA:28,0
DA:29,0
DA:30,0
DA:31,0
DA:32,0
DA:33,0
DA:38,0
DA:39,0
DA:40,0
DA:41,0
DA:42,0
DA:43,0
DA:48,0
DA:49,0
DA:50,0
DA:51,0
DA:56,0
DA:57,0
DA:58,0
DA:59,0
DA:64,0
DA:65,0
DA:66,0
DA:67,0
DA:68,0
DA:69,0
DA:74,0
DA:75,0
DA:76,0
DA:77,0
DA:78,0
DA:79,0
DA:80,0
DA:87,0
DA:88,0
DA:90,0
DA:91,0
DA:92,0
DA:94,0
DA:95,0
DA:100,0
DA:101,0
DA:102,0
DA:103,0
DA:107,0
DA:109,0
DA:110,0
DA:113,0
DA:114,0
DA:115,0
DA:118,0
DA:121,0
DA:122,0
DA:123,0
DA:124,0
DA:125,0
DA:126,0
DA:132,0
DA:133,0
DA:135,0
DA:143,0
DA:144,0
DA:146,0
DA:149,0
DA:152,0
DA:153,0
DA:155,0
DA:156,0
DA:158,0
DA:161,0
DA:162,0
DA:163,0
DA:167,0
DA:168,0
DA:169,0
DA:171,0
DA:172,0
DA:174,0
DA:178,0
DA:179,0
DA:182,0
DA:187,0
DA:188,0
DA:189,0
DA:199,0
DA:200,0
DA:202,0
DA:203,0
DA:209,0
DA:212,0
DA:229,0
DA:231,0
DA:232,0
DA:233,0
DA:234,0
DA:235,0
DA:236,0
DA:237,0
DA:238,0
DA:239,0
DA:240,0
DA:242,0
DA:279,0
DA:285,0
DA:288,0
DA:289,0
DA:290,0
DA:291,0
DA:292,0
DA:293,0
DA:298,0
DA:299,0
DA:300,0
DA:301,0
DA:302,0
DA:303,0
DA:304,0
DA:310,0
DA:311,0
DA:313,0
DA:315,0
DA:316,0
DA:326,0
DA:327,0
DA:334,0
DA:335,0
DA:337,0
DA:338,0
DA:343,0
DA:344,0
DA:348,0
DA:349,0
DA:350,0
DA:357,0
DA:358,0
DA:359,0
DA:361,0
DA:369,0
DA:370,0
DA:376,0
DA:381,0
DA:382,0
DA:389,0
DA:394,0
DA:395,0
DA:397,0
DA:398,0
DA:399,0
DA:400,0
DA:401,0
DA:407,0
DA:412,0
DA:413,0
DA:414,0
DA:415,0
DA:416,0
DA:417,0
DA:422,0
DA:425,0
DA:430,0
DA:431,0
DA:433,0
DA:437,0
DA:438,0
DA:441,0
DA:442,0
DA:444,0
DA:445,0
DA:446,0
DA:447,0
DA:450,0
DA:451,0
DA:454,0
DA:455,0
DA:456,0
DA:460,0
DA:461,0
DA:462,0
DA:463,0
DA:471,0
DA:472,0
DA:473,0
DA:474,0
DA:475,0
DA:477,0
DA:478,0
DA:479,0
DA:483,0
DA:494,0
DA:496,0
DA:497,0
DA:498,0
DA:499,0
DA:500,0
DA:501,0
DA:503,0
DA:508,0
DA:511,0
DA:512,0
DA:513,0
DA:514,0
DA:518,0
DA:519,0
DA:520,0
DA:527,0
DA:529,0
DA:530,0
DA:531,0
DA:532,0
DA:533,0
DA:534,0
DA:539,0
DA:540,0
DA:541,0
DA:544,0
DA:546,0
DA:548,0
DA:549,0
DA:555,0
DA:556,0
DA:565,0
DA:566,0
DA:567,0
DA:572,0
DA:573,0
DA:574,0
DA:592,0
DA:593,0
DA:597,0
DA:598,0
DA:599,0
DA:603,0
DA:604,0
DA:609,0
DA:610,0
DA:611,0
DA:628,0
DA:629,0
DA:630,0
DA:633,0
DA:634,0
DA:636,0
DA:637,0
DA:638,0
DA:640,0
DA:641,0
DA:650,0
DA:651,0
DA:652,0
DA:660,0
DA:661,0
DA:666,0
DA:667,0
DA:675,0
DA:689,0
DA:690,0
DA:691,0
DA:692,0
DA:694,0
DA:704,0
DA:710,0
DA:714,0
DA:720,0
LF:271
LH:0
BRDA:29,0,0,0
BRDA:29,0,1,0
BRDA:39,1,0,0
BRDA:39,1,1,0
BRDA:49,2,0,0
BRDA:49,2,1,0
BRDA:57,3,0,0
BRDA:57,3,1,0
BRDA:65,4,0,0
BRDA:65,4,1,0
BRDA:75,5,0,0
BRDA:75,5,1,0
BRDA:75,6,0,0
BRDA:75,6,1,0
BRDA:77,7,0,0
BRDA:77,7,1,0
BRDA:78,8,0,0
BRDA:78,8,1,0
BRDA:78,9,0,0
BRDA:78,9,1,0
BRDA:90,10,0,0
BRDA:90,10,1,0
BRDA:90,11,0,0
BRDA:90,11,1,0
BRDA:101,12,0,0
BRDA:101,12,1,0
BRDA:107,13,0,0
BRDA:107,13,1,0
BRDA:114,14,0,0
BRDA:114,14,1,0
BRDA:122,15,0,0
BRDA:122,15,1,0
BRDA:125,16,0,0
BRDA:125,16,1,0
BRDA:143,17,0,0
BRDA:143,17,1,0
BRDA:153,18,0,0
BRDA:153,18,1,0
BRDA:153,19,0,0
BRDA:153,19,1,0
BRDA:153,19,2,0
BRDA:153,19,3,0
BRDA:167,20,0,0
BRDA:167,20,1,0
BRDA:174,21,0,0
BRDA:174,21,1,0
BRDA:188,22,0,0
BRDA:188,22,1,0
BRDA:200,23,0,0
BRDA:200,23,1,0
BRDA:202,24,0,0
BRDA:202,24,1,0
BRDA:202,25,0,0
BRDA:202,25,1,0
BRDA:231,26,0,0
BRDA:231,26,1,0
BRDA:232,27,0,0
BRDA:232,27,1,0
BRDA:233,28,0,0
BRDA:233,28,1,0
BRDA:234,29,0,0
BRDA:234,29,1,0
BRDA:235,30,0,0
BRDA:235,30,1,0
BRDA:236,31,0,0
BRDA:236,31,1,0
BRDA:237,32,0,0
BRDA:237,32,1,0
BRDA:238,33,0,0
BRDA:238,33,1,0
BRDA:239,34,0,0
BRDA:239,34,1,0
BRDA:240,35,0,0
BRDA:240,35,1,0
BRDA:257,36,0,0
BRDA:257,36,1,0
BRDA:260,37,0,0
BRDA:260,37,1,0
BRDA:272,38,0,0
BRDA:272,38,1,0
BRDA:311,39,0,0
BRDA:311,39,1,0
BRDA:315,40,0,0
BRDA:315,40,1,0
BRDA:326,41,0,0
BRDA:326,41,1,0
BRDA:337,42,0,0
BRDA:337,42,1,0
BRDA:343,43,0,0
BRDA:343,43,1,0
BRDA:349,44,0,0
BRDA:349,44,1,0
BRDA:357,45,0,0
BRDA:357,45,1,0
BRDA:358,46,0,0
BRDA:358,46,1,0
BRDA:369,47,0,0
BRDA:369,47,1,0
BRDA:381,48,0,0
BRDA:381,48,1,0
BRDA:397,49,0,0
BRDA:397,49,1,0
BRDA:400,50,0,0
BRDA:400,50,1,0
BRDA:414,51,0,0
BRDA:414,51,1,0
BRDA:430,52,0,0
BRDA:430,52,1,0
BRDA:461,53,0,0
BRDA:461,53,1,0
BRDA:472,54,0,0
BRDA:472,54,1,0
BRDA:478,55,0,0
BRDA:478,55,1,0
BRDA:513,56,0,0
BRDA:513,56,1,0
BRDA:519,57,0,0
BRDA:519,57,1,0
BRDA:526,58,0,0
BRDA:529,59,0,0
BRDA:529,59,1,0
BRDA:530,60,0,0
BRDA:530,60,1,0
BRDA:540,61,0,0
BRDA:540,61,1,0
BRDA:546,62,0,0
BRDA:546,62,1,0
BRDA:555,63,0,0
BRDA:555,63,1,0
BRDA:565,64,0,0
BRDA:565,64,1,0
BRDA:566,65,0,0
BRDA:566,65,1,0
BRDA:573,66,0,0
BRDA:573,66,1,0
BRDA:598,67,0,0
BRDA:598,67,1,0
BRDA:636,68,0,0
BRDA:636,68,1,0
BRDA:644,69,0,0
BRDA:644,69,1,0
BRDA:666,70,0,0
BRDA:666,70,1,0
BRDA:666,71,0,0
BRDA:666,71,1,0
BRDA:691,72,0,0
BRDA:691,72,1,0
BRDA:692,73,0,0
BRDA:692,73,1,0
BRDA:720,74,0,0
BRDA:720,74,1,0
BRF:151
BRH:0
end_of_record
TN:
SF:assets\js\admin\audit-log.test.js
FN:15,(anonymous_0)
FN:19,(anonymous_1)
FN:33,(anonymous_2)
FN:38,(anonymous_3)
FN:41,showLoadingState
FN:55,(anonymous_5)
FN:60,setDefaultDateRange
FN:66,clearFilters
FN:75,(anonymous_8)
FN:78,showError
FNF:10
FNH:0
FNDA:0,(anonymous_0)
FNDA:0,(anonymous_1)
FNDA:0,(anonymous_2)
FNDA:0,(anonymous_3)
FNDA:0,showLoadingState
FNDA:0,(anonymous_5)
FNDA:0,setDefaultDateRange
FNDA:0,clearFilters
FNDA:0,(anonymous_8)
FNDA:0,showError
DA:7,0
DA:8,0
DA:11,0
DA:15,0
DA:19,0
DA:21,0
DA:29,0
DA:30,0
DA:33,0
DA:34,0
DA:35,0
DA:38,0
DA:40,0
DA:42,0
DA:43,0
DA:51,0
DA:52,0
DA:55,0
DA:57,0
DA:58,0
DA:59,0
DA:61,0
DA:62,0
DA:63,0
DA:64,0
DA:67,0
DA:68,0
DA:70,0
DA:71,0
DA:72,0
DA:75,0
DA:77,0
DA:79,0
DA:80,0
DA:89,0
DA:90,0
DA:91,0
LF:37
LH:0
BRDA:42,0,0,0
BRDA:42,0,1,0
BRDA:79,1,0,0
BRDA:79,1,1,0
BRF:4
BRH:0
end_of_record
TN:
SF:assets\js\admin\bootstrap_modal_fix.js
FN:7,(anonymous_0)
FN:9,(anonymous_1)
FN:10,(anonymous_2)
FN:13,(anonymous_3)
FN:18,(anonymous_4)
FNF:5
FNH:0
FNDA:0,(anonymous_0)
FNDA:0,(anonymous_1)
FNDA:0,(anonymous_2)
FNDA:0,(anonymous_3)
FNDA:0,(anonymous_4)
DA:7,0
DA:9,0
DA:10,0
DA:11,0
DA:13,0
DA:14,0
DA:15,0
DA:18,0
DA:19,0
DA:24,0
DA:27,0
LF:11
LH:0
BRF:0
BRH:0
end_of_record
TN:
SF:assets\js\admin\bulk_assign_initiatives.js
FN:6,(anonymous_0)
FN:16,initializeFiltering
FN:30,initializeSelection
FN:36,(anonymous_3)
FN:38,(anonymous_4)
FN:45,(anonymous_5)
FN:47,(anonymous_6)
FN:55,(anonymous_7)
FN:57,(anonymous_8)
FN:67,(anonymous_9)
FN:75,initializeBulkAssignment
FN:81,(anonymous_11)
FN:86,(anonymous_12)
FN:117,filterPrograms
FN:123,(anonymous_14)
FN:155,resetFilters
FN:161,(anonymous_16)
FN:172,updateSelectedPrograms
FN:185,(anonymous_18)
FN:212,getSelectedPrograms
FN:216,(anonymous_20)
FN:233,deselectProgram
FN:244,updateAssignButtonState
FN:258,updateSelectAllState
FN:298,escapeHtml
FN:306,(anonymous_25)
FNF:26
FNH:0
FNDA:0,(anonymous_0)
FNDA:0,initializeFiltering
FNDA:0,initializeSelection
FNDA:0,(anonymous_3)
FNDA:0,(anonymous_4)
FNDA:0,(anonymous_5)
FNDA:0,(anonymous_6)
FNDA:0,(anonymous_7)
FNDA:0,(anonymous_8)
FNDA:0,(anonymous_9)
FNDA:0,initializeBulkAssignment
FNDA:0,(anonymous_11)
FNDA:0,(anonymous_12)
FNDA:0,filterPrograms
FNDA:0,(anonymous_14)
FNDA:0,resetFilters
FNDA:0,(anonymous_16)
FNDA:0,updateSelectedPrograms
FNDA:0,(anonymous_18)
FNDA:0,getSelectedPrograms
FNDA:0,(anonymous_20)
FNDA:0,deselectProgram
FNDA:0,updateAssignButtonState
FNDA:0,updateSelectAllState
FNDA:0,escapeHtml
FNDA:0,(anonymous_25)
DA:6,0
DA:8,0
DA:9,0
DA:10,0
DA:17,0
DA:18,0
DA:19,0
DA:22,0
DA:23,0
DA:24,0
DA:31,0
DA:32,0
DA:33,0
DA:36,0
DA:37,0
DA:38,0
DA:39,0
DA:41,0
DA:45,0
DA:46,0
DA:47,0
DA:48,0
DA:50,0
DA:51,0
DA:55,0
DA:56,0
DA:57,0
DA:58,0
DA:60,0
DA:61,0
DA:62,0
DA:66,0
DA:67,0
DA:68,0
DA:76,0
DA:77,0
DA:78,0
DA:81,0
DA:82,0
DA:86,0
DA:87,0
DA:88,0
DA:90,0
DA:91,0
DA:92,0
DA:93,0
DA:96,0
DA:97,0
DA:98,0
DA:99,0
DA:103,0
DA:104,0
DA:108,0
DA:109,0
DA:118,0
DA:119,0
DA:121,0
DA:123,0
DA:124,0
DA:125,0
DA:127,0
DA:130,0
DA:131,0
DA:135,0
DA:136,0
DA:137,0
DA:138,0
DA:139,0
DA:144,0
DA:145,0
DA:149,0
DA:156,0
DA:157,0
DA:160,0
DA:161,0
DA:162,0
DA:163,0
DA:166,0
DA:173,0
DA:174,0
DA:175,0
DA:178,0
DA:181,0
DA:182,0
DA:184,0
DA:185,0
DA:186,0
DA:187,0
DA:196,0
DA:197,0
DA:200,0
DA:201,0
DA:205,0
DA:206,0
DA:213,0
DA:214,0
DA:216,0
DA:217,0
DA:218,0
DA:219,0
DA:221,0
DA:227,0
DA:234,0
DA:235,0
DA:236,0
DA:237,0
DA:245,0
DA:246,0
DA:247,0
DA:249,0
DA:250,0
DA:252,0
DA:259,0
DA:260,0
DA:262,0
DA:263,0
DA:264,0
DA:265,0
DA:268,0
DA:269,0
DA:270,0
DA:271,0
DA:272,0
DA:273,0
DA:274,0
DA:275,0
DA:276,0
DA:278,0
DA:279,0
DA:283,0
DA:284,0
DA:285,0
DA:286,0
DA:287,0
DA:288,0
DA:290,0
DA:291,0
DA:299,0
DA:306,0
LF:139
LH:0
BRDA:90,0,0,0
BRDA:90,0,1,0
BRDA:96,1,0,0
BRDA:96,1,1,0
BRDA:104,2,0,0
BRDA:104,2,1,0
BRDA:108,3,0,0
BRDA:108,3,1,0
BRDA:118,4,0,0
BRDA:118,4,1,0
BRDA:119,5,0,0
BRDA:119,5,1,0
BRDA:124,6,0,0
BRDA:124,6,1,0
BRDA:125,7,0,0
BRDA:125,7,1,0
BRDA:130,8,0,0
BRDA:130,8,1,0
BRDA:130,9,0,0
BRDA:130,9,1,0
BRDA:135,10,0,0
BRDA:135,10,1,0
BRDA:136,11,0,0
BRDA:136,11,1,0
BRDA:136,12,0,0
BRDA:136,12,1,0
BRDA:138,13,0,0
BRDA:138,13,1,0
BRDA:138,14,0,0
BRDA:138,14,1,0
BRDA:144,15,0,0
BRDA:144,15,1,0
BRDA:181,16,0,0
BRDA:181,16,1,0
BRDA:186,17,0,0
BRDA:186,17,1,0
BRDA:196,18,0,0
BRDA:196,18,1,0
BRDA:235,19,0,0
BRDA:235,19,1,0
BRDA:252,20,0,0
BRDA:252,20,1,0
BRDA:268,21,0,0
BRDA:268,21,1,0
BRDA:271,22,0,0
BRDA:271,22,1,0
BRDA:274,23,0,0
BRDA:274,23,1,0
BRDA:283,24,0,0
BRDA:283,24,1,0
BRDA:283,25,0,0
BRDA:283,25,1,0
BRDA:286,26,0,0
BRDA:286,26,1,0
BRF:54
BRH:0
end_of_record
TN:
SF:assets\js\admin\dashboard.js
FN:5,(anonymous_0)
FN:9,(anonymous_1)
FN:18,(anonymous_2)
FN:27,(anonymous_3)
FN:32,(anonymous_4)
FN:51,(anonymous_5)
FN:53,(anonymous_6)
FN:79,(anonymous_7)
FN:80,(anonymous_8)
FNF:9
FNH:0
FNDA:0,(anonymous_0)
FNDA:0,(anonymous_1)
FNDA:0,(anonymous_2)
FNDA:0,(anonymous_3)
FNDA:0,(anonymous_4)
FNDA:0,(anonymous_5)
FNDA:0,(anonymous_6)
FNDA:0,(anonymous_7)
FNDA:0,(anonymous_8)
DA:5,0
DA:7,0
DA:8,0
DA:9,0
DA:11,0
DA:14,0
DA:15,0
DA:18,0
DA:19,0
DA:25,0
DA:26,0
DA:27,0
DA:28,0
DA:29,0
DA:32,0
DA:33,0
DA:34,0
DA:37,0
DA:38,0
DA:39,0
DA:40,0
DA:48,0
DA:51,0
DA:52,0
DA:53,0
DA:60,0
DA:61,0
DA:62,0
DA:63,0
DA:64,0
DA:75,0
DA:79,0
DA:80,0
DA:81,0
LF:34
LH:0
BRDA:8,0,0,0
BRDA:8,0,1,0
BRDA:26,1,0,0
BRDA:26,1,1,0
BRDA:60,2,0,0
BRDA:60,2,1,0
BRF:6
BRH:0
end_of_record
TN:
SF:assets\js\admin\dashboard_charts.js
FNF:0
FNH:0
LF:0
LH:0
BRF:0
BRH:0
end_of_record
TN:
SF:assets\js\admin\manage_programs.js
FN:5,(anonymous_0)
FN:41,customFilterPrograms
FN:48,(anonymous_2)
FN:63,(anonymous_3)
FN:107,removeHighlightsPreserveBadges
FN:111,(anonymous_5)
FN:118,(anonymous_6)
FN:125,(anonymous_7)
FN:135,highlightProgramName
FN:139,(anonymous_9)
FN:146,(anonymous_10)
FN:179,initDeleteButtons
FN:196,(anonymous_12)
FN:197,(anonymous_13)
FNF:14
FNH:0
FNDA:0,(anonymous_0)
FNDA:0,customFilterPrograms
FNDA:0,(anonymous_2)
FNDA:0,(anonymous_3)
FNDA:0,removeHighlightsPreserveBadges
FNDA:0,(anonymous_5)
FNDA:0,(anonymous_6)
FNDA:0,(anonymous_7)
FNDA:0,highlightProgramName
FNDA:0,(anonymous_9)
FNDA:0,(anonymous_10)
FNDA:0,initDeleteButtons
FNDA:0,(anonymous_12)
FNDA:0,(anonymous_13)
DA:5,0
DA:6,0
DA:9,0
DA:12,0
DA:22,0
DA:23,0
DA:25,0
DA:28,0
DA:42,0
DA:43,0
DA:45,0
DA:46,0
DA:48,0
DA:50,0
DA:51,0
DA:53,0
DA:56,0
DA:57,0
DA:58,0
DA:60,0
DA:62,0
DA:63,0
DA:65,0
DA:67,0
DA:70,0
DA:71,0
DA:74,0
DA:75,0
DA:76,0
DA:79,0
DA:80,0
DA:81,0
DA:84,0
DA:85,0
DA:86,0
DA:88,0
DA:91,0
DA:98,0
DA:99,0
DA:100,0
DA:109,0
DA:110,0
DA:111,0
DA:112,0
DA:116,0
DA:117,0
DA:118,0
DA:119,0
DA:120,0
DA:124,0
DA:125,0
DA:126,0
DA:129,0
DA:137,0
DA:138,0
DA:139,0
DA:140,0
DA:144,0
DA:145,0
DA:146,0
DA:147,0
DA:150,0
DA:151,0
DA:152,0
DA:153,0
DA:154,0
DA:157,0
DA:158,0
DA:159,0
DA:160,0
DA:161,0
DA:165,0
DA:168,0
DA:169,0
DA:173,0
DA:180,0
DA:181,0
DA:183,0
DA:184,0
DA:185,0
DA:188,0
DA:189,0
DA:191,0
DA:192,0
DA:193,0
DA:196,0
DA:197,0
DA:198,0
DA:199,0
DA:201,0
DA:202,0
DA:205,0
DA:206,0
LF:93
LH:0
BRDA:23,0,0,0
BRDA:23,0,1,0
BRDA:43,1,0,0
BRDA:43,1,1,0
BRDA:53,2,0,0
BRDA:53,2,1,0
BRDA:53,3,0,0
BRDA:53,3,1,0
BRDA:58,4,0,0
BRDA:58,4,1,0
BRDA:71,5,0,0
BRDA:71,5,1,0
BRDA:74,6,0,0
BRDA:74,6,1,0
BRDA:75,7,0,0
BRDA:75,7,1,0
BRDA:76,8,0,0
BRDA:76,8,1,0
BRDA:79,9,0,0
BRDA:79,9,1,0
BRDA:79,10,0,0
BRDA:79,10,1,0
BRDA:79,10,2,0
BRDA:84,11,0,0
BRDA:84,11,1,0
BRDA:84,12,0,0
BRDA:84,12,1,0
BRDA:86,13,0,0
BRDA:86,13,1,0
BRDA:86,14,0,0
BRDA:86,14,1,0
BRDA:99,15,0,0
BRDA:99,15,1,0
BRDA:129,16,0,0
BRDA:129,16,1,0
BRDA:168,17,0,0
BRDA:168,17,1,0
BRDA:183,18,0,0
BRDA:183,18,1,0
BRDA:191,19,0,0
BRDA:191,19,1,0
BRDA:191,20,0,0
BRDA:191,20,1,0
BRF:43
BRH:0
end_of_record
TN:
SF:assets\js\admin\manage_users.js
FN:5,(anonymous_0)
FN:8,(anonymous_1)
FN:13,showModal
FN:35,hideModal
FN:45,setupModalEvents
FN:48,(anonymous_5)
FN:49,(anonymous_6)
FN:57,(anonymous_7)
FN:66,(anonymous_8)
FN:67,(anonymous_9)
FN:84,(anonymous_10)
FN:93,(anonymous_11)
FN:102,validateForm
FN:106,(anonymous_13)
FN:109,(anonymous_14)
FN:116,(anonymous_15)
FN:156,setupPasswordValidation
FN:159,(anonymous_17)
FN:182,toggleAgencyFields
FN:186,(anonymous_19)
FN:189,(anonymous_20)
FN:194,(anonymous_21)
FN:204,(anonymous_22)
FN:211,(anonymous_23)
FN:222,(anonymous_24)
FN:223,(anonymous_25)
FN:253,(anonymous_26)
FN:264,(anonymous_27)
FN:265,(anonymous_28)
FN:281,(anonymous_29)
FN:291,(anonymous_30)
FN:292,(anonymous_31)
FN:297,(anonymous_32)
FN:300,(anonymous_33)
FN:305,(anonymous_34)
FNF:35
FNH:0
FNDA:0,(anonymous_0)
FNDA:0,(anonymous_1)
FNDA:0,showModal
FNDA:0,hideModal
FNDA:0,setupModalEvents
FNDA:0,(anonymous_5)
FNDA:0,(anonymous_6)
FNDA:0,(anonymous_7)
FNDA:0,(anonymous_8)
FNDA:0,(anonymous_9)
FNDA:0,(anonymous_10)
FNDA:0,(anonymous_11)
FNDA:0,validateForm
FNDA:0,(anonymous_13)
FNDA:0,(anonymous_14)
FNDA:0,(anonymous_15)
FNDA:0,setupPasswordValidation
FNDA:0,(anonymous_17)
FNDA:0,toggleAgencyFields
FNDA:0,(anonymous_19)
FNDA:0,(anonymous_20)
FNDA:0,(anonymous_21)
FNDA:0,(anonymous_22)
FNDA:0,(anonymous_23)
FNDA:0,(anonymous_24)
FNDA:0,(anonymous_25)
FNDA:0,(anonymous_26)
FNDA:0,(anonymous_27)
FNDA:0,(anonymous_28)
FNDA:0,(anonymous_29)
FNDA:0,(anonymous_30)
FNDA:0,(anonymous_31)
FNDA:0,(anonymous_32)
FNDA:0,(anonymous_33)
FNDA:0,(anonymous_34)
DA:5,0
DA:7,0
DA:8,0
DA:9,0
DA:15,0
DA:16,0
DA:17,0
DA:18,0
DA:21,0
DA:24,0
DA:27,0
DA:30,0
DA:32,0
DA:37,0
DA:38,0
DA:42,0
DA:47,0
DA:48,0
DA:49,0
DA:50,0
DA:55,0
DA:56,0
DA:57,0
DA:58,0
DA:59,0
DA:65,0
DA:66,0
DA:67,0
DA:68,0
DA:69,0
DA:70,0
DA:71,0
DA:72,0
DA:74,0
DA:75,0
DA:82,0
DA:83,0
DA:84,0
DA:86,0
DA:87,0
DA:88,0
DA:92,0
DA:93,0
DA:94,0
DA:95,0
DA:103,0
DA:106,0
DA:107,0
DA:109,0
DA:110,0
DA:111,0
DA:116,0
DA:117,0
DA:118,0
DA:119,0
DA:122,0
DA:123,0
DA:124,0
DA:125,0
DA:130,0
DA:131,0
DA:132,0
DA:133,0
DA:136,0
DA:137,0
DA:138,0
DA:139,0
DA:140,0
DA:144,0
DA:145,0
DA:147,0
DA:152,0
DA:157,0
DA:158,0
DA:159,0
DA:160,0
DA:163,0
DA:164,0
DA:165,0
DA:166,0
DA:167,0
DA:171,0
DA:172,0
DA:173,0
DA:174,0
DA:175,0
DA:183,0
DA:184,0
DA:186,0
DA:187,0
DA:188,0
DA:189,0
DA:190,0
DA:193,0
DA:194,0
DA:195,0
DA:202,0
DA:203,0
DA:204,0
DA:205,0
DA:206,0
DA:209,0
DA:210,0
DA:211,0
DA:212,0
DA:216,0
DA:222,0
DA:223,0
DA:224,0
DA:227,0
DA:228,0
DA:229,0
DA:230,0
DA:231,0
DA:233,0
DA:236,0
DA:237,0
DA:238,0
DA:240,0
DA:241,0
DA:242,0
DA:245,0
DA:246,0
DA:247,0
DA:251,0
DA:252,0
DA:253,0
DA:254,0
DA:258,0
DA:264,0
DA:265,0
DA:266,0
DA:269,0
DA:270,0
DA:272,0
DA:275,0
DA:276,0
DA:281,0
DA:282,0
DA:283,0
DA:284,0
DA:285,0
DA:291,0
DA:292,0
DA:293,0
DA:294,0
DA:295,0
DA:296,0
DA:297,0
DA:298,0
DA:299,0
DA:300,0
DA:301,0
DA:304,0
DA:305,0
DA:306,0
LF:156
LH:0
BRDA:37,0,0,0
BRDA:37,0,1,0
BRDA:37,1,0,0
BRDA:37,1,1,0
BRDA:56,2,0,0
BRDA:56,2,1,0
BRDA:58,3,0,0
BRDA:58,3,1,0
BRDA:69,4,0,0
BRDA:69,4,1,0
BRDA:70,5,0,0
BRDA:70,5,1,0
BRDA:83,6,0,0
BRDA:83,6,1,0
BRDA:86,7,0,0
BRDA:86,7,1,0
BRDA:110,8,0,0
BRDA:110,8,1,0
BRDA:117,9,0,0
BRDA:117,9,1,0
BRDA:131,10,0,0
BRDA:131,10,1,0
BRDA:131,11,0,0
BRDA:131,11,1,0
BRDA:131,11,2,0
BRDA:137,12,0,0
BRDA:137,12,1,0
BRDA:144,13,0,0
BRDA:144,13,1,0
BRDA:158,14,0,0
BRDA:158,14,1,0
BRDA:158,15,0,0
BRDA:158,15,1,0
BRDA:166,16,0,0
BRDA:166,16,1,0
BRDA:171,17,0,0
BRDA:171,17,1,0
BRDA:171,18,0,0
BRDA:171,18,1,0
BRDA:187,19,0,0
BRDA:187,19,1,0
BRDA:203,20,0,0
BRDA:203,20,1,0
BRDA:210,21,0,0
BRDA:210,21,1,0
BRDA:241,22,0,0
BRDA:241,22,1,0
BRDA:242,23,0,0
BRDA:242,23,1,0
BRDA:246,24,0,0
BRDA:246,24,1,0
BRDA:247,25,0,0
BRDA:247,25,1,0
BRDA:252,26,0,0
BRDA:252,26,1,0
BRDA:282,27,0,0
BRDA:282,27,1,0
BRDA:284,28,0,0
BRDA:284,28,1,0
BRDA:295,29,0,0
BRDA:295,29,1,0
BRDA:296,30,0,0
BRDA:296,30,1,0
BRDA:298,31,0,0
BRDA:298,31,1,0
BRF:65
BRH:0
end_of_record
TN:
SF:assets\js\admin\modal_debug.js
FNF:0
FNH:0
LF:0
LH:0
BRF:0
BRH:0
end_of_record
TN:
SF:assets\js\admin\periods-management.js
FN:6,(anonymous_0)
FN:11,(anonymous_1)
FN:17,(anonymous_2)
FN:28,(anonymous_3)
FN:32,(anonymous_4)
FN:40,(anonymous_5)
FN:47,(anonymous_6)
FN:73,loadPeriods
FN:84,(anonymous_8)
FN:95,(anonymous_9)
FN:123,(anonymous_10)
FN:141,groupPeriodsByYear
FN:144,(anonymous_12)
FN:153,(anonymous_13)
FN:156,(anonymous_14)
FN:157,(anonymous_15)
FN:169,generateYearAccordion
FN:175,(anonymous_17)
FN:221,generatePeriodRows
FN:224,(anonymous_19)
FN:277,setupAccordionListeners
FN:279,(anonymous_21)
FN:280,(anonymous_22)
FN:289,setupActionButtons
FN:291,(anonymous_24)
FN:292,(anonymous_25)
FN:299,(anonymous_26)
FN:300,(anonymous_27)
FN:307,(anonymous_28)
FN:308,(anonymous_29)
FN:320,savePeriod
FN:432,(anonymous_31)
FN:435,(anonymous_32)
FN:473,(anonymous_33)
FN:491,(anonymous_34)
FN:503,submitPeriodData
FN:512,(anonymous_36)
FN:525,(anonymous_37)
FN:536,resetPeriodForm
FN:550,getPeriodName
FN:566,updatePeriodNumberOptions
FN:594,updateDateFields
FN:648,calculatePeriodDates
FN:678,(anonymous_43)
FN:694,togglePeriodStatus
FN:711,(anonymous_45)
FN:719,(anonymous_46)
FN:729,viewPeriodDetails
FN:737,formatDate
FN:749,formatDateTime
FN:763,showSuccess
FN:775,showError
FN:787,showInfo
FN:799,editPeriod
FN:809,(anonymous_54)
FN:815,(anonymous_55)
FN:847,(anonymous_56)
FN:851,(anonymous_57)
FN:863,deletePeriod
FN:884,(anonymous_59)
FN:890,(anonymous_60)
FN:897,(anonymous_61)
FN:918,(anonymous_62)
FN:931,(anonymous_63)
FN:935,(anonymous_64)
FN:951,checkDateOverlap
FN:952,(anonymous_66)
FN:970,(anonymous_67)
FN:980,(anonymous_68)
FNF:69
FNH:0
FNDA:0,(anonymous_0)
FNDA:0,(anonymous_1)
FNDA:0,(anonymous_2)
FNDA:0,(anonymous_3)
FNDA:0,(anonymous_4)
FNDA:0,(anonymous_5)
FNDA:0,(anonymous_6)
FNDA:0,loadPeriods
FNDA:0,(anonymous_8)
FNDA:0,(anonymous_9)
FNDA:0,(anonymous_10)
FNDA:0,groupPeriodsByYear
FNDA:0,(anonymous_12)
FNDA:0,(anonymous_13)
FNDA:0,(anonymous_14)
FNDA:0,(anonymous_15)
FNDA:0,generateYearAccordion
FNDA:0,(anonymous_17)
FNDA:0,generatePeriodRows
FNDA:0,(anonymous_19)
FNDA:0,setupAccordionListeners
FNDA:0,(anonymous_21)
FNDA:0,(anonymous_22)
FNDA:0,setupActionButtons
FNDA:0,(anonymous_24)
FNDA:0,(anonymous_25)
FNDA:0,(anonymous_26)
FNDA:0,(anonymous_27)
FNDA:0,(anonymous_28)
FNDA:0,(anonymous_29)
FNDA:0,savePeriod
FNDA:0,(anonymous_31)
FNDA:0,(anonymous_32)
FNDA:0,(anonymous_33)
FNDA:0,(anonymous_34)
FNDA:0,submitPeriodData
FNDA:0,(anonymous_36)
FNDA:0,(anonymous_37)
FNDA:0,resetPeriodForm
FNDA:0,getPeriodName
FNDA:0,updatePeriodNumberOptions
FNDA:0,updateDateFields
FNDA:0,calculatePeriodDates
FNDA:0,(anonymous_43)
FNDA:0,togglePeriodStatus
FNDA:0,(anonymous_45)
FNDA:0,(anonymous_46)
FNDA:0,viewPeriodDetails
FNDA:0,formatDate
FNDA:0,formatDateTime
FNDA:0,showSuccess
FNDA:0,showError
FNDA:0,showInfo
FNDA:0,editPeriod
FNDA:0,(anonymous_54)
FNDA:0,(anonymous_55)
FNDA:0,(anonymous_56)
FNDA:0,(anonymous_57)
FNDA:0,deletePeriod
FNDA:0,(anonymous_59)
FNDA:0,(anonymous_60)
FNDA:0,(anonymous_61)
FNDA:0,(anonymous_62)
FNDA:0,(anonymous_63)
FNDA:0,(anonymous_64)
FNDA:0,checkDateOverlap
FNDA:0,(anonymous_66)
FNDA:0,(anonymous_67)
FNDA:0,(anonymous_68)
DA:6,0
DA:8,0
DA:11,0
DA:12,0
DA:17,0
DA:18,0
DA:21,0
DA:24,0
DA:28,0
DA:29,0
DA:32,0
DA:33,0
DA:35,0
DA:36,0
DA:40,0
DA:42,0
DA:43,0
DA:47,0
DA:48,0
DA:49,0
DA:50,0
DA:52,0
DA:55,0
DA:56,0
DA:58,0
DA:59,0
DA:62,0
DA:63,0
DA:65,0
DA:74,0
DA:77,0
DA:83,0
DA:85,0
DA:86,0
DA:89,0
DA:90,0
DA:91,0
DA:93,0
DA:96,0
DA:97,0
DA:98,0
DA:99,0
DA:103,0
DA:106,0
DA:107,0
DA:110,0
DA:113,0
DA:116,0
DA:117,0
DA:118,0
DA:120,0
DA:124,0
DA:125,0
DA:128,0
DA:129,0
DA:130,0
DA:131,0
DA:134,0
DA:142,0
DA:144,0
DA:145,0
DA:146,0
DA:147,0
DA:149,0
DA:153,0
DA:155,0
DA:156,0
DA:157,0
DA:159,0
DA:163,0
DA:170,0
DA:171,0
DA:173,0
DA:175,0
DA:176,0
DA:177,0
DA:179,0
DA:214,0
DA:215,0
DA:222,0
DA:224,0
DA:226,0
DA:229,0
DA:230,0
DA:233,0
DA:234,0
DA:235,0
DA:236,0
DA:237,0
DA:238,0
DA:239,0
DA:242,0
DA:271,0
DA:278,0
DA:279,0
DA:280,0
DA:291,0
DA:292,0
DA:293,0
DA:294,0
DA:299,0
DA:300,0
DA:301,0
DA:302,0
DA:307,0
DA:308,0
DA:309,0
DA:310,0
DA:311,0
DA:312,0
DA:321,0
DA:332,0
DA:335,0
DA:336,0
DA:339,0
DA:342,0
DA:343,0
DA:344,0
DA:345,0
DA:346,0
DA:347,0
DA:348,0
DA:349,0
DA:353,0
DA:354,0
DA:355,0
DA:356,0
DA:358,0
DA:359,0
DA:360,0
DA:361,0
DA:362,0
DA:363,0
DA:364,0
DA:365,0
DA:366,0
DA:367,0
DA:368,0
DA:369,0
DA:370,0
DA:375,0
DA:376,0
DA:377,0
DA:378,0
DA:380,0
DA:381,0
DA:382,0
DA:383,0
DA:384,0
DA:389,0
DA:390,0
DA:391,0
DA:392,0
DA:395,0
DA:396,0
DA:397,0
DA:398,0
DA:402,0
DA:403,0
DA:404,0
DA:406,0
DA:407,0
DA:408,0
DA:409,0
DA:414,0
DA:415,0
DA:416,0
DA:417,0
DA:420,0
DA:421,0
DA:422,0
DA:426,0
DA:429,0
DA:431,0
DA:433,0
DA:435,0
DA:436,0
DA:437,0
DA:438,0
DA:439,0
DA:440,0
DA:441,0
DA:442,0
DA:443,0
DA:444,0
DA:446,0
DA:449,0
DA:450,0
DA:451,0
DA:456,0
DA:459,0
DA:460,0
DA:461,0
DA:464,0
DA:474,0
DA:475,0
DA:477,0
DA:478,0
DA:479,0
DA:480,0
DA:483,0
DA:487,0
DA:488,0
DA:492,0
DA:493,0
DA:494,0
DA:505,0
DA:507,0
DA:513,0
DA:514,0
DA:515,0
DA:516,0
DA:519,0
DA:521,0
DA:522,0
DA:526,0
DA:527,0
DA:528,0
DA:537,0
DA:538,0
DA:539,0
DA:540,0
DA:541,0
DA:542,0
DA:543,0
DA:544,0
DA:551,0
DA:552,0
DA:553,0
DA:554,0
DA:555,0
DA:556,0
DA:557,0
DA:558,0
DA:559,0
DA:567,0
DA:568,0
DA:571,0
DA:572,0
DA:574,0
DA:576,0
DA:577,0
DA:579,0
DA:581,0
DA:582,0
DA:584,0
DA:586,0
DA:595,0
[...]
DA:14,0
DA:16,0
DA:19,0
DA:20,0
DA:23,0
DA:24,0
DA:25,0
DA:30,0
DA:31,0
DA:32,0
DA:33,0
DA:34,0
DA:39,0
DA:40,0
DA:41,0
DA:43,0
DA:44,0
DA:45,0
DA:46,0
DA:48,0
DA:49,0
DA:50,0
DA:52,0
DA:53,0
DA:54,0
DA:59,0
DA:68,0
DA:69,0
DA:71,0
DA:74,0
DA:75,0
DA:76,0
DA:79,0
DA:80,0
DA:81,0
DA:82,0
DA:91,0
DA:92,0
DA:94,0
DA:96,0
DA:97,0
DA:98,0
DA:109,0
DA:112,0
DA:115,0
DA:116,0
DA:117,0
DA:123,0
DA:133,0
DA:135,0
DA:136,0
DA:138,0
DA:147,0
DA:150,0
DA:151,0
DA:152,0
DA:153,0
DA:156,0
DA:157,0
DA:158,0
DA:160,0
DA:161,0
DA:162,0
DA:164,0
DA:165,0
DA:177,0
DA:179,0
DA:180,0
DA:182,0
DA:183,0
DA:186,0
DA:187,0
DA:188,0
DA:197,0
DA:199,0
DA:200,0
DA:201,0
DA:203,0
DA:204,0
DA:205,0
DA:207,0
DA:208,0
LF:82
LH:0
BRDA:13,0,0,0
BRDA:14,1,0,0
BRDA:14,1,1,0
BRDA:24,2,0,0
BRDA:24,2,1,0
BRDA:31,3,0,0
BRDA:31,3,1,0
BRDA:33,4,0,0
BRDA:33,4,1,0
BRDA:41,5,0,0
BRDA:41,5,1,0
BRDA:44,6,0,0
BRDA:44,6,1,0
BRDA:44,7,0,0
BRDA:44,7,1,0
BRDA:46,8,0,0
BRDA:46,8,1,0
BRDA:48,9,0,0
BRDA:48,9,1,0
BRDA:48,10,0,0
BRDA:48,10,1,0
BRDA:50,11,0,0
BRDA:50,11,1,0
BRDA:52,12,0,0
BRDA:52,12,1,0
BRDA:52,13,0,0
BRDA:52,13,1,0
BRDA:54,14,0,0
BRDA:54,14,1,0
BRDA:69,15,0,0
BRDA:69,15,1,0
BRDA:75,16,0,0
BRDA:75,16,1,0
BRDA:75,17,0,0
BRDA:75,17,1,0
BRDA:92,18,0,0
BRDA:92,18,1,0
BRDA:97,19,0,0
BRDA:97,19,1,0
BRDA:97,20,0,0
BRDA:97,20,1,0
BRDA:108,21,0,0
BRDA:109,22,0,0
BRDA:109,22,1,0
BRDA:133,23,0,0
BRDA:133,23,1,0
BRDA:133,24,0,0
BRDA:133,24,1,0
BRDA:138,25,0,0
BRDA:138,25,1,0
BRDA:138,25,2,0
BRDA:147,26,0,0
BRDA:147,26,1,0
BRDA:160,27,0,0
BRDA:160,27,1,0
BRDA:177,28,0,0
BRDA:177,28,1,0
BRDA:180,29,0,0
BRDA:180,29,1,0
BRDA:197,30,0,0
BRDA:197,30,1,0
BRDA:203,31,0,0
BRDA:203,31,1,0
BRF:63
BRH:0
end_of_record
TN:
SF:assets\js\utilities\form_validation.js
FN:13,validateDateRange
FN:17,(anonymous_1)
FN:55,showValidationError
FN:75,clearValidationError
FN:92,createFormAlert
FN:116,initCharacterCounter
FN:124,(anonymous_6)
FNF:7
FNH:0
FNDA:0,validateDateRange
FNDA:0,(anonymous_1)
FNDA:0,showValidationError
FNDA:0,clearValidationError
FNDA:0,createFormAlert
FNDA:0,initCharacterCounter
FNDA:0,(anonymous_6)
DA:14,0
DA:17,0
DA:18,0
DA:19,0
DA:20,0
DA:21,0
DA:26,0
DA:28,0
DA:29,0
DA:31,0
DA:33,0
DA:36,0
DA:37,0
DA:38,0
DA:39,0
DA:40,0
DA:43,0
DA:44,0
DA:47,0
DA:56,0
DA:57,0
DA:59,0
DA:62,0
DA:63,0
DA:64,0
DA:65,0
DA:66,0
DA:67,0
DA:76,0
DA:77,0
DA:79,0
DA:82,0
DA:83,0
DA:94,0
DA:95,0
DA:98,0
DA:99,0
DA:100,0
DA:103,0
DA:106,0
DA:108,0
DA:117,0
DA:118,0
DA:120,0
DA:121,0
DA:124,0
DA:125,0
DA:126,0
DA:128,0
DA:129,0
DA:130,0
DA:132,0
DA:133,0
DA:138,0
LF:54
LH:0
BRDA:14,0,0,0
BRDA:14,0,1,0
BRDA:14,1,0,0
BRDA:14,1,1,0
BRDA:20,2,0,0
BRDA:20,2,1,0
BRDA:20,3,0,0
BRDA:20,3,1,0
BRDA:26,4,0,0
BRDA:26,4,1,0
BRDA:26,5,0,0
BRDA:26,5,1,0
BRDA:31,6,0,0
BRDA:31,6,1,0
BRDA:37,7,0,0
BRDA:37,7,1,0
BRDA:37,8,0,0
BRDA:37,8,1,0
BRDA:57,9,0,0
BRDA:57,9,1,0
BRDA:62,10,0,0
BRDA:62,10,1,0
BRDA:77,11,0,0
BRDA:77,11,1,0
BRDA:83,12,0,0
BRDA:83,12,1,0
BRDA:95,13,0,0
BRDA:95,13,1,0
BRDA:118,14,0,0
BRDA:118,14,1,0
BRDA:121,15,0,0
BRDA:121,15,1,0
BRDA:121,16,0,0
BRDA:121,16,1,0
BRDA:128,17,0,0
BRDA:128,17,1,0
BRF:36
BRH:0
end_of_record
TN:
SF:assets\js\utilities\initialization.js
FN:12,initializeBasicComponents
FN:32,handlePreloader
FN:37,(anonymous_2)
FN:42,(anonymous_3)
FN:51,hidePreloader
FN:53,(anonymous_5)
FN:62,initTooltips
FN:65,(anonymous_7)
FN:74,initFormElements
FN:88,initPasswordToggles
FN:89,(anonymous_10)
FN:90,(anonymous_11)
FN:110,initCharacterCounters
FN:111,(anonymous_13)
FN:127,(anonymous_14)
FN:139,updateCharacterCount
FN:155,initDateRangeValidators
FN:156,(anonymous_17)
FN:161,(anonymous_18)
FN:198,initAlerts
FN:200,(anonymous_20)
FN:201,(anonymous_21)
FN:203,(anonymous_22)
FN:211,(anonymous_23)
FN:212,(anonymous_24)
FN:215,(anonymous_25)
FN:231,fade
FN:234,(anonymous_27)
FN:242,initDropdowns
FN:247,(anonymous_29)
FN:248,(anonymous_30)
FN:256,(anonymous_31)
FN:271,(anonymous_32)
FN:276,(anonymous_33)
FNF:34
FNH:0
FNDA:0,initializeBasicComponents
FNDA:0,handlePreloader
FNDA:0,(anonymous_2)
FNDA:0,(anonymous_3)
FNDA:0,hidePreloader
FNDA:0,(anonymous_5)
FNDA:0,initTooltips
FNDA:0,(anonymous_7)
FNDA:0,initFormElements
FNDA:0,initPasswordToggles
FNDA:0,(anonymous_10)
FNDA:0,(anonymous_11)
FNDA:0,initCharacterCounters
FNDA:0,(anonymous_13)
FNDA:0,(anonymous_14)
FNDA:0,updateCharacterCount
FNDA:0,initDateRangeValidators
FNDA:0,(anonymous_17)
FNDA:0,(anonymous_18)
FNDA:0,initAlerts
FNDA:0,(anonymous_20)
FNDA:0,(anonymous_21)
FNDA:0,(anonymous_22)
FNDA:0,(anonymous_23)
FNDA:0,(anonymous_24)
FNDA:0,(anonymous_25)
FNDA:0,fade
FNDA:0,(anonymous_27)
FNDA:0,initDropdowns
FNDA:0,(anonymous_29)
FNDA:0,(anonymous_30)
FNDA:0,(anonymous_31)
FNDA:0,(anonymous_32)
FNDA:0,(anonymous_33)
DA:14,0
DA:17,0
DA:20,0
DA:23,0
DA:26,0
DA:33,0
DA:34,0
DA:37,0
DA:38,0
DA:42,0
DA:43,0
DA:52,0
DA:53,0
DA:54,0
DA:55,0
DA:63,0
DA:64,0
DA:65,0
DA:66,0
DA:76,0
DA:79,0
DA:82,0
DA:89,0
DA:90,0
DA:91,0
DA:92,0
DA:95,0
DA:96,0
DA:99,0
DA:100,0
DA:101,0
DA:111,0
DA:112,0
DA:113,0
DA:116,0
DA:117,0
DA:118,0
DA:119,0
DA:120,0
DA:124,0
DA:127,0
DA:128,0
DA:140,0
DA:141,0
DA:143,0
DA:144,0
DA:145,0
DA:147,0
DA:148,0
DA:156,0
DA:157,0
DA:158,0
DA:159,0
DA:161,0
DA:162,0
DA:164,0
DA:165,0
DA:167,0
DA:169,0
DA:172,0
DA:173,0
DA:174,0
DA:175,0
DA:176,0
DA:177,0
DA:181,0
DA:182,0
DA:183,0
DA:184,0
DA:190,0
DA:191,0
DA:200,0
DA:201,0
DA:202,0
DA:203,0
DA:204,0
DA:211,0
DA:212,0
DA:213,0
DA:214,0
DA:215,0
DA:216,0
DA:217,0
DA:232,0
DA:233,0
DA:234,0
DA:235,0
DA:247,0
DA:248,0
DA:249,0
DA:250,0
DA:251,0
DA:252,0
DA:253,0
DA:256,0
DA:257,0
DA:258,0
DA:259,0
DA:263,0
DA:271,0
DA:272,0
DA:276,0
DA:277,0
DA:278,0
DA:279,0
DA:280,0
LF:106
LH:0
BRDA:34,0,0,0
BRDA:34,0,1,0
BRDA:63,1,0,0
BRDA:63,1,1,0
BRDA:63,2,0,0
BRDA:63,2,1,0
BRDA:92,3,0,0
BRDA:92,3,1,0
BRDA:95,4,0,0
BRDA:95,4,1,0
BRDA:100,5,0,0
BRDA:100,5,1,0
BRDA:101,6,0,0
BRDA:101,6,1,0
BRDA:113,7,0,0
BRDA:113,7,1,0
BRDA:117,8,0,0
BRDA:117,8,1,0
BRDA:143,9,0,0
BRDA:143,9,1,0
BRDA:159,10,0,0
BRDA:159,10,1,0
BRDA:162,11,0,0
BRDA:162,11,1,0
BRDA:162,12,0,0
BRDA:162,12,1,0
BRDA:167,13,0,0
BRDA:167,13,1,0
BRDA:173,14,0,0
BRDA:173,14,1,0
BRDA:173,15,0,0
BRDA:173,15,1,0
BRDA:183,16,0,0
BRDA:183,16,1,0
BRDA:183,17,0,0
BRDA:183,17,1,0
BRDA:202,18,0,0
BRDA:202,18,1,0
BRDA:214,19,0,0
BRDA:214,19,1,0
BRDA:216,20,0,0
BRDA:216,20,1,0
BRDA:235,21,0,0
BRDA:235,21,1,0
BRDA:252,22,0,0
BRDA:252,22,1,0
BRDA:252,23,0,0
BRDA:252,23,1,0
BRDA:257,24,0,0
BRDA:257,24,1,0
BRDA:257,25,0,0
BRDA:257,25,1,0
BRF:52
BRH:0
end_of_record
TN:
SF:assets\js\utilities\mobile_dropdown_position.js
FN:6,(anonymous_0)
FN:12,adjustDropdownPosition
FN:41,(anonymous_2)
FN:49,(anonymous_3)
FN:57,(anonymous_4)
FN:61,(anonymous_5)
FN:63,(anonymous_6)
FN:67,(anonymous_7)
FN:68,(anonymous_8)
FNF:9
FNH:0
FNDA:0,(anonymous_0)
FNDA:0,adjustDropdownPosition
FNDA:0,(anonymous_2)
FNDA:0,(anonymous_3)
FNDA:0,(anonymous_4)
FNDA:0,(anonymous_5)
FNDA:0,(anonymous_6)
FNDA:0,(anonymous_7)
FNDA:0,(anonymous_8)
DA:6,0
DA:7,0
DA:8,0
DA:10,0
DA:14,0
DA:15,0
DA:16,0
DA:17,0
DA:18,0
DA:21,0
DA:23,0
DA:25,0
DA:26,0
DA:29,0
DA:33,0
DA:38,0
DA:41,0
DA:42,0
DA:43,0
DA:48,0
DA:49,0
DA:50,0
DA:57,0
DA:59,0
DA:61,0
DA:63,0
DA:64,0
DA:67,0
DA:68,0
DA:69,0
LF:30
LH:0
BRDA:10,0,0,0
BRDA:10,0,1,0
BRDA:10,1,0,0
BRDA:10,1,1,0
BRDA:14,2,0,0
BRDA:14,2,1,0
BRDA:23,3,0,0
BRDA:23,3,1,0
BRDA:42,4,0,0
BRDA:42,4,1,0
BRDA:48,5,0,0
BRDA:48,5,1,0
BRF:12
BRH:0
end_of_record
TN:
SF:assets\js\utilities\pagination.js
FN:7,(anonymous_0)
FN:24,(anonymous_1)
FN:30,(anonymous_2)
FN:36,(anonymous_3)
FN:70,(anonymous_4)
FN:78,(anonymous_5)
FN:80,(anonymous_6)
FN:83,(anonymous_7)
FN:90,(anonymous_8)
FN:92,(anonymous_9)
FN:101,(anonymous_10)
FN:109,(anonymous_11)
FN:123,(anonymous_12)
FN:195,(anonymous_13)
FN:211,(anonymous_14)
FN:217,(anonymous_15)
FN:223,(anonymous_16)
FNF:17
FNH:0
FNDA:0,(anonymous_0)
FNDA:0,(anonymous_1)
FNDA:0,(anonymous_2)
FNDA:0,(anonymous_3)
FNDA:0,(anonymous_4)
FNDA:0,(anonymous_5)
FNDA:0,(anonymous_6)
FNDA:0,(anonymous_7)
FNDA:0,(anonymous_8)
FNDA:0,(anonymous_9)
FNDA:0,(anonymous_10)
FNDA:0,(anonymous_11)
FNDA:0,(anonymous_12)
FNDA:0,(anonymous_13)
FNDA:0,(anonymous_14)
FNDA:0,(anonymous_15)
FNDA:0,(anonymous_16)
DA:8,0
DA:9,0
DA:10,0
DA:11,0
DA:12,0
DA:13,0
DA:14,0
DA:15,0
DA:18,0
DA:19,0
DA:21,0
DA:25,0
DA:26,0
DA:27,0
DA:32,0
DA:33,0
DA:38,0
DA:39,0
DA:40,0
DA:41,0
DA:42,0
DA:45,0
DA:46,0
DA:49,0
DA:50,0
DA:51,0
DA:57,0
DA:58,0
DA:61,0
DA:62,0
DA:63,0
DA:64,0
DA:65,0
DA:71,0
DA:72,0
DA:73,0
DA:74,0
DA:75,0
DA:80,0
DA:84,0
DA:85,0
DA:86,0
DA:92,0
DA:93,0
DA:97,0
DA:98,0
DA:99,0
DA:101,0
DA:102,0
DA:106,0
DA:110,0
DA:111,0
DA:112,0
DA:117,0
DA:118,0
DA:119,0
DA:124,0
DA:125,0
DA:127,0
DA:130,0
DA:140,0
DA:141,0
DA:142,0
DA:145,0
DA:146,0
DA:150,0
DA:151,0
DA:156,0
DA:157,0
DA:162,0
DA:163,0
DA:171,0
DA:172,0
DA:173,0
DA:175,0
DA:183,0
DA:192,0
DA:196,0
DA:197,0
DA:199,0
DA:200,0
DA:201,0
DA:202,0
DA:205,0
DA:206,0
DA:208,0
DA:212,0
DA:213,0
DA:214,0
DA:218,0
DA:219,0
DA:224,0
DA:225,0
DA:230,0
LF:94
LH:0
BRDA:7,0,0,0
BRDA:11,1,0,0
BRDA:11,1,1,0
BRDA:18,2,0,0
BRDA:18,2,1,0
BRDA:19,3,0,0
BRDA:19,3,1,0
BRDA:39,4,0,0
BRDA:39,4,1,0
BRDA:62,5,0,0
BRDA:62,5,1,0
BRDA:62,6,0,0
BRDA:62,6,1,0
BRDA:64,7,0,0
BRDA:64,7,1,0
BRDA:85,8,0,0
BRDA:85,8,1,0
BRDA:111,9,0,0
BRDA:111,9,1,0
BRDA:111,10,0,0
BRDA:111,10,1,0
BRDA:118,11,0,0
BRDA:118,11,1,0
BRDA:118,12,0,0
BRDA:118,12,1,0
BRDA:125,13,0,0
BRDA:125,13,1,0
BRDA:131,14,0,0
BRDA:131,14,1,0
BRDA:133,15,0,0
BRDA:133,15,1,0
BRDA:145,16,0,0
BRDA:145,16,1,0
BRDA:150,17,0,0
BRDA:150,17,1,0
BRDA:156,18,0,0
BRDA:156,18,1,0
BRDA:164,19,0,0
BRDA:164,19,1,0
BRDA:171,20,0,0
BRDA:171,20,1,0
BRDA:172,21,0,0
BRDA:172,21,1,0
BRDA:184,22,0,0
BRDA:184,22,1,0
BRDA:186,23,0,0
BRDA:186,23,1,0
BRDA:197,24,0,0
BRDA:197,24,1,0
BRDA:200,25,0,0
BRDA:200,25,1,0
BRDA:212,26,0,0
BRDA:212,26,1,0
BRDA:212,27,0,0
BRDA:212,27,1,0
BRDA:230,28,0,0
BRDA:230,28,1,0
BRF:57
BRH:0
end_of_record
TN:
SF:assets\js\utilities\program-history.js
FN:6,(anonymous_0)
FN:26,initHistoryTooltips
FN:29,(anonymous_2)
FN:30,(anonymous_3)
FN:45,(anonymous_4)
FN:51,(anonymous_5)
FN:61,(anonymous_6)
FN:62,(anonymous_7)
FN:71,initHistoryPanels
FN:74,(anonymous_9)
FN:75,(anonymous_10)
FN:91,initTargetsHistory
FN:94,(anonymous_12)
FN:95,(anonymous_13)
FN:112,toggleFieldHistory
FN:131,initFieldHistoryToggles
FN:132,(anonymous_16)
FN:133,(anonymous_17)
FN:143,initLoadMoreHistory
FN:146,(anonymous_19)
FN:159,handleLoadMoreHistory
FN:239,(anonymous_21)
FN:245,(anonymous_22)
FN:278,(anonymous_23)
FN:298,createHistoryListItem
FN:308,(anonymous_25)
FN:340,escapeHtml
FNF:27
FNH:0
FNDA:0,(anonymous_0)
FNDA:0,initHistoryTooltips
FNDA:0,(anonymous_2)
FNDA:0,(anonymous_3)
FNDA:0,(anonymous_4)
FNDA:0,(anonymous_5)
FNDA:0,(anonymous_6)
FNDA:0,(anonymous_7)
FNDA:0,initHistoryPanels
FNDA:0,(anonymous_9)
FNDA:0,(anonymous_10)
FNDA:0,initTargetsHistory
FNDA:0,(anonymous_12)
FNDA:0,(anonymous_13)
FNDA:0,toggleFieldHistory
FNDA:0,initFieldHistoryToggles
FNDA:0,(anonymous_16)
FNDA:0,(anonymous_17)
FNDA:0,initLoadMoreHistory
FNDA:0,(anonymous_19)
FNDA:0,handleLoadMoreHistory
FNDA:0,(anonymous_21)
FNDA:0,(anonymous_22)
FNDA:0,(anonymous_23)
FNDA:0,createHistoryListItem
FNDA:0,(anonymous_25)
FNDA:0,escapeHtml
DA:6,0
DA:8,0
DA:11,0
DA:14,0
DA:17,0
DA:20,0
DA:27,0
DA:29,0
DA:30,0
DA:31,0
DA:32,0
DA:34,0
DA:36,0
DA:37,0
DA:38,0
DA:41,0
DA:45,0
DA:46,0
DA:47,0
DA:49,0
DA:51,0
DA:52,0
DA:53,0
DA:61,0
DA:62,0
DA:63,0
DA:72,0
DA:74,0
DA:75,0
DA:76,0
DA:77,0
DA:79,0
DA:80,0
DA:81,0
DA:82,0
DA:92,0
DA:94,0
DA:95,0
DA:96,0
DA:97,0
DA:99,0
DA:100,0
DA:101,0
DA:102,0
DA:113,0
DA:114,0
DA:115,0
DA:116,0
DA:119,0
DA:120,0
DA:121,0
DA:132,0
DA:133,0
DA:134,0
DA:135,0
DA:144,0
DA:146,0
DA:147,0
DA:148,0
DA:149,0
DA:150,0
DA:160,0
DA:162,0
DA:163,0
DA:164,0
DA:165,0
DA:166,0
DA:168,0
DA:172,0
DA:173,0
DA:174,0
DA:178,0
DA:179,0
DA:181,0
DA:182,0
DA:183,0
DA:186,0
DA:188,0
DA:189,0
DA:190,0
DA:194,0
DA:195,0
DA:198,0
DA:201,0
DA:202,0
DA:210,0
DA:224,0
DA:226,0
DA:227,0
DA:230,0
DA:231,0
DA:233,0
DA:235,0
DA:237,0
DA:239,0
DA:240,0
DA:241,0
DA:242,0
DA:245,0
DA:246,0
DA:251,0
DA:253,0
DA:254,0
DA:256,0
DA:257,0
DA:258,0
DA:261,0
DA:265,0
DA:269,0
DA:272,0
DA:273,0
DA:274,0
DA:275,0
DA:278,0
DA:279,0
DA:283,0
DA:286,0
DA:287,0
DA:299,0
DA:300,0
DA:302,0
DA:303,0
DA:306,0
DA:307,0
DA:308,0
DA:309,0
DA:311,0
DA:313,0
DA:316,0
DA:317,0
DA:318,0
DA:321,0
DA:322,0
DA:323,0
DA:324,0
DA:325,0
DA:326,0
DA:329,0
DA:330,0
DA:332,0
DA:341,0
DA:342,0
DA:343,0
LF:143
LH:0
BRDA:34,0,0,0
BRDA:34,0,1,0
BRDA:49,1,0,0
BRDA:49,1,1,0
BRDA:52,2,0,0
BRDA:52,2,1,0
BRDA:79,3,0,0
BRDA:79,3,1,0
BRDA:81,4,0,0
BRDA:81,4,1,0
BRDA:82,5,0,0
BRDA:82,5,1,0
BRDA:99,6,0,0
BRDA:99,6,1,0
BRDA:101,7,0,0
BRDA:101,7,1,0
BRDA:102,8,0,0
BRDA:102,8,1,0
BRDA:114,9,0,0
BRDA:114,9,1,0
BRDA:116,10,0,0
BRDA:116,10,1,0
BRDA:120,11,0,0
BRDA:120,11,1,0
BRDA:121,12,0,0
BRDA:121,12,1,0
BRDA:148,13,0,0
BRDA:148,13,1,0
BRDA:172,14,0,0
BRDA:172,14,1,0
BRDA:172,15,0,0
BRDA:172,15,1,0
BRDA:172,15,2,0
BRDA:182,16,0,0
BRDA:182,16,1,0
BRDA:188,17,0,0
BRDA:188,17,1,0
BRDA:188,17,2,0
BRDA:194,18,0,0
BRDA:194,18,1,0
BRDA:226,19,0,0
BRDA:226,19,1,0
BRDA:233,20,0,0
BRDA:233,20,1,0
BRDA:233,21,0,0
BRDA:233,21,1,0
BRDA:237,22,0,0
BRDA:237,22,1,0
BRDA:251,23,0,0
BRDA:251,23,1,0
BRDA:265,24,0,0
BRDA:265,24,1,0
BRDA:286,25,0,0
BRDA:286,25,1,0
BRDA:306,26,0,0
BRDA:306,26,1,0
BRDA:306,27,0,0
BRDA:306,27,1,0
BRDA:309,28,0,0
BRDA:309,28,1,0
BRDA:309,28,2,0
BRDA:321,29,0,0
BRDA:321,29,1,0
BRDA:321,30,0,0
BRDA:321,30,1,0
BRDA:323,31,0,0
BRDA:323,31,1,0
BRDA:324,32,0,0
BRDA:324,32,1,0
BRF:69
BRH:0
end_of_record
TN:
SF:assets\js\utilities\program_details_responsive.js
FN:5,(anonymous_0)
FN:22,createMobileFriendlyDisplay
FN:36,(anonymous_2)
FN:92,handleWindowResize
FN:105,(anonymous_4)
FNF:5
FNH:0
FNDA:0,(anonymous_0)
FNDA:0,createMobileFriendlyDisplay
FNDA:0,(anonymous_2)
FNDA:0,handleWindowResize
FNDA:0,(anonymous_4)
DA:5,0
DA:7,0
DA:8,0
DA:11,0
DA:14,0
DA:17,0
DA:24,0
DA:25,0
DA:28,0
DA:29,0
DA:30,0
DA:33,0
DA:36,0
DA:38,0
DA:39,0
DA:41,0
DA:44,0
DA:45,0
DA:48,0
DA:49,0
DA:51,0
DA:52,0
DA:53,0
DA:55,0
DA:56,0
DA:57,0
DA:59,0
DA:60,0
DA:63,0
DA:64,0
DA:66,0
DA:67,0
DA:68,0
DA:70,0
DA:71,0
DA:72,0
DA:74,0
DA:75,0
DA:78,0
DA:79,0
DA:82,0
DA:86,0
DA:93,0
DA:94,0
DA:95,0
DA:96,0
DA:98,0
DA:101,0
DA:102,0
DA:105,0
DA:107,0
DA:108,0
DA:111,0
DA:112,0
DA:113,0
DA:118,0
DA:119,0
DA:120,0
DA:122,0
DA:123,0
LF:60
LH:0
BRDA:8,0,0,0
BRDA:8,0,1,0
BRDA:25,1,0,0
BRDA:25,1,1,0
BRDA:41,2,0,0
BRDA:41,2,1,0
BRDA:41,3,0,0
BRDA:41,3,1,0
BRDA:98,4,0,0
BRDA:98,4,1,0
BRDA:98,5,0,0
BRDA:98,5,1,0
BRDA:112,6,0,0
BRDA:112,6,1,0
BRDA:112,7,0,0
BRDA:112,7,1,0
BRDA:118,8,0,0
BRDA:118,8,1,0
BRDA:118,9,0,0
BRDA:118,9,1,0
BRF:20
BRH:0
end_of_record
TN:
SF:assets\js\utilities\program_details_table.js
FN:5,(anonymous_0)
FN:19,(anonymous_1)
FNF:2
FNH:0
FNDA:0,(anonymous_0)
FNDA:0,(anonymous_1)
DA:5,0
DA:7,0
DA:8,0
DA:11,0
DA:12,0
DA:13,0
DA:14,0
DA:18,0
DA:19,0
DA:20,0
DA:21,0
DA:22,0
DA:23,0
DA:26,0
DA:27,0
DA:28,0
DA:33,0
DA:34,0
DA:35,0
LF:19
LH:0
BRDA:12,0,0,0
BRDA:12,0,1,0
BRDA:26,1,0,0
BRDA:26,1,1,0
BRDA:34,2,0,0
BRDA:34,2,1,0
BRF:6
BRH:0
end_of_record
TN:
SF:assets\js\utilities\rating_utils.js
FN:10,initRatingPills
FN:15,(anonymous_1)
FN:16,(anonymous_2)
FN:18,(anonymous_3)
FN:35,getRatingColorClass
FN:57,getRatingIconClass
FN:80,createRatingBadge
FN:83,(anonymous_7)
FN:92,createRichRatingBadge
FN:101,(anonymous_9)
FN:109,initStatusPills
FN:115,getStatusColorClass
FN:121,getStatusIconClass
FN:127,createStatusBadge
FN:133,createRichStatusBadge
FN:139,(anonymous_15)
FNF:16
FNH:0
FNDA:0,initRatingPills
FNDA:0,(anonymous_1)
FNDA:0,(anonymous_2)
FNDA:0,(anonymous_3)
FNDA:0,getRatingColorClass
FNDA:0,getRatingIconClass
FNDA:0,createRatingBadge
FNDA:0,(anonymous_7)
FNDA:0,createRichRatingBadge
FNDA:0,(anonymous_9)
FNDA:0,initStatusPills
FNDA:0,getStatusColorClass
FNDA:0,getStatusIconClass
FNDA:0,createStatusBadge
FNDA:0,createRichStatusBadge
FNDA:0,(anonymous_15)
DA:11,0
DA:12,0
DA:14,0
DA:15,0
DA:16,0
DA:18,0
DA:21,0
DA:24,0
DA:36,0
DA:39,0
DA:42,0
DA:45,0
DA:48,0
DA:58,0
DA:61,0
DA:64,0
DA:66,0
DA:68,0
DA:71,0
DA:81,0
DA:82,0
DA:83,0
DA:84,0
DA:93,0
DA:94,0
DA:96,0
DA:97,0
DA:99,0
DA:100,0
DA:101,0
DA:104,0
DA:108,0
DA:110,0
DA:114,0
DA:116,0
DA:120,0
DA:122,0
DA:126,0
DA:128,0
DA:132,0
DA:134,0
DA:139,0
DA:141,0
DA:142,0
LF:44
LH:0
BRDA:14,0,0,0
BRDA:14,0,1,0
BRDA:14,1,0,0
BRDA:14,1,1,0
BRDA:36,2,0,0
BRDA:36,2,1,0
BRDA:36,2,2,0
BRDA:36,2,3,0
BRDA:36,2,4,0
BRDA:36,2,5,0
BRDA:36,2,6,0
BRDA:36,2,7,0
BRDA:58,3,0,0
BRDA:58,3,1,0
BRDA:58,3,2,0
BRDA:58,3,3,0
BRDA:58,3,4,0
BRDA:58,3,5,0
BRDA:58,3,6,0
BRDA:58,3,7,0
BRDA:108,4,0,0
BRDA:108,4,1,0
BRDA:114,5,0,0
BRDA:114,5,1,0
BRDA:120,6,0,0
BRDA:120,6,1,0
BRDA:126,7,0,0
BRDA:126,7,1,0
BRDA:132,8,0,0
BRDA:132,8,1,0
BRDA:141,9,0,0
BRDA:141,9,1,0
BRDA:141,10,0,0
BRDA:141,10,1,0
BRF:34
BRH:0
end_of_record
TN:
SF:assets\js\utilities\responsive-test.js
FN:18,resizeViewport
FN:34,testAllViewports
FN:38,(anonymous_2)
FNF:3
FNH:0
FNDA:0,resizeViewport
FNDA:0,testAllViewports
FNDA:0,(anonymous_2)
DA:7,0
DA:19,0
DA:20,0
DA:23,0
DA:26,0
DA:27,0
DA:30,0
DA:35,0
DA:36,0
DA:38,0
DA:39,0
DA:40,0
DA:41,0
DA:44,0
DA:45,0
DA:49,0
DA:50,0
DA:54,0
LF:18
LH:0
BRDA:26,0,0,0
BRDA:26,0,1,0
BRDA:26,1,0,0
BRDA:26,1,1,0
BRDA:44,2,0,0
BRDA:44,2,1,0
BRF:6
BRH:0
end_of_record
TN:
SF:assets\js\utilities\responsive_tables.js
FNF:0
FNH:0
LF:0
LH:0
BRF:0
BRH:0
end_of_record
TN:
SF:assets\js\utilities\table_sorting.js
FN:6,(anonymous_0)
FN:9,(anonymous_1)
FN:20,(anonymous_2)
FN:21,(anonymous_3)
FN:33,(anonymous_4)
FN:55,sortTable
FN:62,(anonymous_6)
FN:102,(anonymous_7)
FNF:8
FNH:0
FNDA:0,(anonymous_0)
FNDA:0,(anonymous_1)
FNDA:0,(anonymous_2)
FNDA:0,(anonymous_3)
FNDA:0,(anonymous_4)
FNDA:0,sortTable
FNDA:0,(anonymous_6)
FNDA:0,(anonymous_7)
DA:6,0
DA:8,0
DA:9,0
DA:10,0
DA:11,0
DA:14,0
DA:20,0
DA:21,0
DA:22,0
DA:25,0
DA:26,0
DA:28,0
DA:29,0
DA:33,0
DA:35,0
DA:36,0
DA:37,0
DA:40,0
DA:41,0
DA:46,0
DA:56,0
DA:57,0
DA:59,0
DA:60,0
DA:62,0
DA:63,0
DA:64,0
DA:65,0
DA:66,0
DA:68,0
DA:70,0
DA:71,0
DA:73,0
DA:74,0
DA:76,0
DA:78,0
DA:80,0
DA:81,0
DA:83,0
DA:84,0
DA:86,0
DA:88,0
DA:90,0
DA:91,0
DA:93,0
DA:94,0
DA:96,0
DA:98,0
DA:102,0
LF:49
LH:0
BRDA:11,0,0,0
BRDA:11,0,1,0
BRDA:25,1,0,0
BRDA:25,1,1,0
BRDA:26,2,0,0
BRDA:26,2,1,0
BRDA:36,3,0,0
BRDA:36,3,1,0
BRDA:36,4,0,0
BRDA:36,4,1,0
BRDA:37,5,0,0
BRDA:37,5,1,0
BRDA:40,6,0,0
BRDA:40,6,1,0
BRDA:57,7,0,0
BRDA:57,7,1,0
BRDA:60,8,0,0
BRDA:60,8,1,0
BRDA:63,9,0,0
BRDA:63,9,1,0
BRDA:64,10,0,0
BRDA:64,10,1,0
BRDA:65,11,0,0
BRDA:65,11,1,0
BRDA:66,12,0,0
BRDA:66,12,1,0
BRDA:68,13,0,0
BRDA:68,13,1,0
BRDA:73,14,0,0
BRDA:73,14,1,0
BRDA:74,15,0,0
BRDA:74,15,1,0
BRDA:76,16,0,0
BRDA:76,16,1,0
BRDA:78,17,0,0
BRDA:78,17,1,0
BRDA:83,18,0,0
BRDA:83,18,1,0
BRDA:84,19,0,0
BRDA:84,19,1,0
BRDA:86,20,0,0
BRDA:86,20,1,0
BRDA:88,21,0,0
BRDA:88,21,1,0
BRDA:93,22,0,0
BRDA:93,22,1,0
BRDA:94,23,0,0
BRDA:94,23,1,0
BRDA:96,24,0,0
BRDA:96,24,1,0
BRF:50
BRH:0
end_of_record
TN:
SF:assets\js\utilities\target_number_utils.js
FN:13,extractCounterFromTargetNumber
FN:32,extractProgramNumberFromTargetNumber
FN:52,constructTargetNumber
FN:65,isValidTargetNumberFormat
FN:80,extractCountersFromTargetNumbers
FN:86,(anonymous_5)
FN:87,(anonymous_6)
FNF:7
FNH:0
FNDA:0,extractCounterFromTargetNumber
FNDA:0,extractProgramNumberFromTargetNumber
FNDA:0,constructTargetNumber
FNDA:0,isValidTargetNumberFormat
FNDA:0,extractCountersFromTargetNumbers
FNDA:0,(anonymous_5)
FNDA:0,(anonymous_6)
DA:14,0
DA:15,0
DA:19,0
DA:20,0
DA:23,0
DA:24,0
DA:33,0
DA:34,0
DA:38,0
DA:39,0
DA:42,0
DA:43,0
DA:53,0
DA:54,0
DA:57,0
DA:66,0
DA:67,0
DA:71,0
DA:72,0
DA:81,0
DA:82,0
DA:85,0
DA:86,0
DA:87,0
DA:91,0
DA:92,0
LF:26
LH:0
BRDA:14,0,0,0
BRDA:14,0,1,0
BRDA:14,1,0,0
BRDA:14,1,1,0
BRDA:20,2,0,0
BRDA:20,2,1,0
BRDA:24,3,0,0
BRDA:24,3,1,0
BRDA:33,4,0,0
BRDA:33,4,1,0
BRDA:33,5,0,0
BRDA:33,5,1,0
BRDA:39,6,0,0
BRDA:39,6,1,0
BRDA:43,7,0,0
BRDA:43,7,1,0
BRDA:53,8,0,0
BRDA:53,8,1,0
BRDA:53,9,0,0
BRDA:53,9,1,0
BRDA:66,10,0,0
BRDA:66,10,1,0
BRDA:66,11,0,0
BRDA:66,11,1,0
BRDA:81,12,0,0
BRDA:81,12,1,0
BRDA:91,13,0,0
BRDA:91,13,1,0
BRDA:91,14,0,0
BRDA:91,14,1,0
BRF:30
BRH:0
end_of_record
